{"C:\\Users\\Adri\\Repos\\LS2-protube\\frontend\\src\\App.tsx": {"path":"C:\\Users\\Adri\\Repos\\LS2-protube\\frontend\\src\\App.tsx","statementMap":{"0":{"start":{"line":1,"column":0},"end":{"line":1,"column":73}},"1":{"start":{"line":2,"column":0},"end":{"line":2,"column":60}},"2":{"start":{"line":3,"column":0},"end":{"line":3,"column":47}},"3":{"start":{"line":4,"column":0},"end":{"line":4,"column":60}},"4":{"start":{"line":5,"column":0},"end":{"line":5,"column":58}},"5":{"start":{"line":6,"column":0},"end":{"line":6,"column":60}},"6":{"start":{"line":7,"column":0},"end":{"line":7,"column":51}},"7":{"start":{"line":8,"column":0},"end":{"line":8,"column":62}},"8":{"start":{"line":9,"column":0},"end":{"line":9,"column":55}},"9":{"start":{"line":11,"column":20},"end":{"line":11,"column":37}},"10":{"start":{"line":14,"column":2},"end":{"line":29,"column":4}},"11":{"start":{"line":32,"column":0},"end":{"line":32,"column":19}}},"fnMap":{"0":{"name":"App","decl":{"start":{"line":13,"column":9},"end":{"line":13,"column":12}},"loc":{"start":{"line":13,"column":12},"end":{"line":30,"column":1}}}},"branchMap":{},"s":{"0":1,"1":1,"2":1,"3":1,"4":1,"5":1,"6":1,"7":1,"8":1,"9":1,"10":2,"11":1},"f":{"0":2},"b":{}}
,"C:\\Users\\Adri\\Repos\\LS2-protube\\frontend\\src\\components\\mode-toggle.tsx": {"path":"C:\\Users\\Adri\\Repos\\LS2-protube\\frontend\\src\\components\\mode-toggle.tsx","statementMap":{"0":{"start":{"line":6,"column":0},"end":{"line":6,"column":16}},"1":{"start":{"line":1,"column":0},"end":{"line":1,"column":41}},"2":{"start":{"line":3,"column":0},"end":{"line":3,"column":48}},"3":{"start":{"line":4,"column":0},"end":{"line":4,"column":55}},"4":{"start":{"line":7,"column":30},"end":{"line":7,"column":40}},"5":{"start":{"line":9,"column":2},"end":{"line":15,"column":4}},"6":{"start":{"line":10,"column":55},"end":{"line":10,"column":100}}},"fnMap":{"0":{"name":"ModeToggle","decl":{"start":{"line":6,"column":16},"end":{"line":6,"column":26}},"loc":{"start":{"line":6,"column":26},"end":{"line":16,"column":1}}},"1":{"name":"(anonymous_1)","decl":{"start":{"line":10,"column":49},"end":{"line":10,"column":52}},"loc":{"start":{"line":10,"column":55},"end":{"line":10,"column":100}}}},"branchMap":{"0":{"loc":{"start":{"line":10,"column":64},"end":{"line":10,"column":99}},"type":"cond-expr","locations":[{"start":{"line":10,"column":83},"end":{"line":10,"column":90}},{"start":{"line":10,"column":93},"end":{"line":10,"column":99}}]}},"s":{"0":5,"1":5,"2":5,"3":5,"4":4,"5":4,"6":2},"f":{"0":4,"1":2},"b":{"0":[1,1]}}
,"C:\\Users\\Adri\\Repos\\LS2-protube\\frontend\\src\\components\\search-bar.tsx": {"path":"C:\\Users\\Adri\\Repos\\LS2-protube\\frontend\\src\\components\\search-bar.tsx","statementMap":{"0":{"start":{"line":5,"column":0},"end":{"line":5,"column":16}},"1":{"start":{"line":1,"column":0},"end":{"line":1,"column":33}},"2":{"start":{"line":2,"column":0},"end":{"line":2,"column":43}},"3":{"start":{"line":3,"column":0},"end":{"line":3,"column":66}},"4":{"start":{"line":6,"column":28},"end":{"line":6,"column":40}},"5":{"start":{"line":7,"column":19},"end":{"line":7,"column":32}},"6":{"start":{"line":9,"column":23},"end":{"line":14,"column":3}},"7":{"start":{"line":10,"column":4},"end":{"line":10,"column":27}},"8":{"start":{"line":11,"column":25},"end":{"line":11,"column":37}},"9":{"start":{"line":12,"column":4},"end":{"line":12,"column":30}},"10":{"start":{"line":12,"column":23},"end":{"line":12,"column":30}},"11":{"start":{"line":13,"column":4},"end":{"line":13,"column":62}},"12":{"start":{"line":16,"column":2},"end":{"line":35,"column":4}},"13":{"start":{"line":26,"column":29},"end":{"line":26,"column":57}}},"fnMap":{"0":{"name":"SearchBar","decl":{"start":{"line":5,"column":16},"end":{"line":5,"column":25}},"loc":{"start":{"line":5,"column":25},"end":{"line":36,"column":1}}},"1":{"name":"(anonymous_1)","decl":{"start":{"line":9,"column":23},"end":{"line":9,"column":24}},"loc":{"start":{"line":9,"column":67},"end":{"line":14,"column":3}}},"2":{"name":"(anonymous_2)","decl":{"start":{"line":26,"column":18},"end":{"line":26,"column":19}},"loc":{"start":{"line":26,"column":29},"end":{"line":26,"column":57}}}},"branchMap":{"0":{"loc":{"start":{"line":12,"column":4},"end":{"line":12,"column":30}},"type":"if","locations":[{"start":{"line":12,"column":4},"end":{"line":12,"column":30}}]}},"s":{"0":5,"1":5,"2":5,"3":5,"4":18,"5":18,"6":18,"7":3,"8":3,"9":3,"10":1,"11":2,"12":18,"13":3},"f":{"0":18,"1":3,"2":3},"b":{"0":[1]}}
,"C:\\Users\\Adri\\Repos\\LS2-protube\\frontend\\src\\components\\theme-provider.tsx": {"path":"C:\\Users\\Adri\\Repos\\LS2-protube\\frontend\\src\\components\\theme-provider.tsx","statementMap":{"0":{"start":{"line":23,"column":0},"end":{"line":23,"column":16}},"1":{"start":{"line":67,"column":0},"end":{"line":67,"column":16}},"2":{"start":{"line":1,"column":0},"end":{"line":1,"column":77}},"3":{"start":{"line":16,"column":41},"end":{"line":19,"column":2}},"4":{"start":{"line":18,"column":18},"end":{"line":18,"column":22}},"5":{"start":{"line":21,"column":29},"end":{"line":21,"column":76}},"6":{"start":{"line":26,"column":30},"end":{"line":26,"column":null}},"7":{"start":{"line":27,"column":10},"end":{"line":28,"column":21}},"8":{"start":{"line":29,"column":28},"end":{"line":30,"column":null}},"9":{"start":{"line":30,"column":11},"end":{"line":30,"column":69}},"10":{"start":{"line":33,"column":2},"end":{"line":49,"column":14}},"11":{"start":{"line":34,"column":17},"end":{"line":34,"column":48}},"12":{"start":{"line":36,"column":4},"end":{"line":36,"column":43}},"13":{"start":{"line":38,"column":4},"end":{"line":46,"column":5}},"14":{"start":{"line":39,"column":26},"end":{"line":42,"column":17}},"15":{"start":{"line":44,"column":6},"end":{"line":44,"column":38}},"16":{"start":{"line":45,"column":6},"end":{"line":45,"column":13}},"17":{"start":{"line":48,"column":4},"end":{"line":48,"column":30}},"18":{"start":{"line":51,"column":16},"end":{"line":57,"column":4}},"19":{"start":{"line":54,"column":6},"end":{"line":54,"column":46}},"20":{"start":{"line":55,"column":6},"end":{"line":55,"column":22}},"21":{"start":{"line":59,"column":2},"end":{"line":63,"column":4}},"22":{"start":{"line":68,"column":18},"end":{"line":68,"column":50}},"23":{"start":{"line":70,"column":2},"end":{"line":71,"column":68}},"24":{"start":{"line":71,"column":4},"end":{"line":71,"column":68}},"25":{"start":{"line":73,"column":2},"end":{"line":73,"column":17}}},"fnMap":{"0":{"name":"(anonymous_1)","decl":{"start":{"line":18,"column":12},"end":{"line":18,"column":15}},"loc":{"start":{"line":18,"column":18},"end":{"line":18,"column":22}}},"1":{"name":"ThemeProvider","decl":{"start":{"line":23,"column":16},"end":{"line":23,"column":29}},"loc":{"start":{"line":28,"column":21},"end":{"line":64,"column":1}}},"2":{"name":"(anonymous_3)","decl":{"start":{"line":30,"column":4},"end":{"line":30,"column":7}},"loc":{"start":{"line":30,"column":11},"end":{"line":30,"column":69}}},"3":{"name":"(anonymous_4)","decl":{"start":{"line":33,"column":18},"end":{"line":33,"column":21}},"loc":{"start":{"line":33,"column":23},"end":{"line":49,"column":3}}},"4":{"name":"(anonymous_5)","decl":{"start":{"line":53,"column":14},"end":{"line":53,"column":15}},"loc":{"start":{"line":53,"column":31},"end":{"line":56,"column":5}}},"5":{"name":"useTheme","decl":{"start":{"line":67,"column":16},"end":{"line":67,"column":24}},"loc":{"start":{"line":67,"column":24},"end":{"line":74,"column":1}}}},"branchMap":{"0":{"loc":{"start":{"line":25,"column":2},"end":{"line":25,"column":25}},"type":"default-arg","locations":[{"start":{"line":25,"column":17},"end":{"line":25,"column":25}}]},"1":{"loc":{"start":{"line":26,"column":2},"end":{"line":26,"column":30}},"type":"default-arg","locations":[{"start":{"line":26,"column":15},"end":{"line":26,"column":30}}]},"2":{"loc":{"start":{"line":30,"column":11},"end":{"line":30,"column":69}},"type":"binary-expr","locations":[{"start":{"line":30,"column":11},"end":{"line":30,"column":53}},{"start":{"line":30,"column":57},"end":{"line":30,"column":69}}]},"3":{"loc":{"start":{"line":38,"column":4},"end":{"line":46,"column":5}},"type":"if","locations":[{"start":{"line":38,"column":4},"end":{"line":46,"column":5}}]},"4":{"loc":{"start":{"line":39,"column":26},"end":{"line":42,"column":17}},"type":"cond-expr","locations":[{"start":{"line":41,"column":10},"end":{"line":41,"column":16}},{"start":{"line":42,"column":10},"end":{"line":42,"column":17}}]},"5":{"loc":{"start":{"line":70,"column":2},"end":{"line":71,"column":68}},"type":"if","locations":[{"start":{"line":70,"column":2},"end":{"line":71,"column":68}}]}},"s":{"0":5,"1":5,"2":5,"3":5,"4":0,"5":5,"6":17,"7":17,"8":17,"9":13,"10":17,"11":17,"12":17,"13":17,"14":3,"15":3,"16":3,"17":14,"18":17,"19":4,"20":4,"21":17,"22":12,"23":12,"24":0,"25":12},"f":{"0":0,"1":17,"2":13,"3":17,"4":4,"5":12},"b":{"0":[1],"1":[14],"2":[13,10],"3":[3],"4":[1,2],"5":[0]}}
,"C:\\Users\\Adri\\Repos\\LS2-protube\\frontend\\src\\components\\user-button.tsx": {"path":"C:\\Users\\Adri\\Repos\\LS2-protube\\frontend\\src\\components\\user-button.tsx","statementMap":{"0":{"start":{"line":45,"column":0},"end":{"line":45,"column":16}},"1":{"start":{"line":1,"column":0},"end":{"line":1,"column":44}},"2":{"start":{"line":2,"column":0},"end":{"line":2,"column":56}},"3":{"start":{"line":3,"column":0},"end":{"line":3,"column":61}},"4":{"start":{"line":4,"column":0},"end":{"line":4,"column":48}},"5":{"start":{"line":5,"column":0},"end":{"line":5,"column":null}},"6":{"start":{"line":13,"column":0},"end":{"line":13,"column":54}},"7":{"start":{"line":14,"column":0},"end":{"line":14,"column":50}},"8":{"start":{"line":16,"column":18},"end":{"line":16,"column":33}},"9":{"start":{"line":19,"column":2},"end":{"line":19,"column":26}},"10":{"start":{"line":19,"column":14},"end":{"line":19,"column":26}},"11":{"start":{"line":20,"column":2},"end":{"line":26,"column":3}},"12":{"start":{"line":21,"column":20},"end":{"line":21,"column":39}},"13":{"start":{"line":22,"column":20},"end":{"line":22,"column":45}},"14":{"start":{"line":23,"column":4},"end":{"line":23,"column":31}},"15":{"start":{"line":25,"column":4},"end":{"line":25,"column":16}},"16":{"start":{"line":30,"column":2},"end":{"line":30,"column":27}},"17":{"start":{"line":30,"column":14},"end":{"line":30,"column":27}},"18":{"start":{"line":31,"column":2},"end":{"line":42,"column":3}},"19":{"start":{"line":32,"column":18},"end":{"line":32,"column":34}},"20":{"start":{"line":33,"column":4},"end":{"line":33,"column":41}},"21":{"start":{"line":33,"column":28},"end":{"line":33,"column":41}},"22":{"start":{"line":34,"column":20},"end":{"line":34,"column":46}},"23":{"start":{"line":36,"column":4},"end":{"line":36,"column":69}},"24":{"start":{"line":36,"column":56},"end":{"line":36,"column":69}},"25":{"start":{"line":38,"column":4},"end":{"line":38,"column":35}},"26":{"start":{"line":38,"column":22},"end":{"line":38,"column":35}},"27":{"start":{"line":39,"column":4},"end":{"line":39,"column":16}},"28":{"start":{"line":41,"column":4},"end":{"line":41,"column":17}},"29":{"start":{"line":46,"column":34},"end":{"line":50,"column":4}},"30":{"start":{"line":47,"column":4},"end":{"line":47,"column":52}},"31":{"start":{"line":47,"column":39},"end":{"line":47,"column":52}},"32":{"start":{"line":48,"column":18},"end":{"line":48,"column":56}},"33":{"start":{"line":49,"column":4},"end":{"line":49,"column":31}},"34":{"start":{"line":51,"column":34},"end":{"line":56,"column":4}},"35":{"start":{"line":52,"column":4},"end":{"line":52,"column":51}},"36":{"start":{"line":52,"column":39},"end":{"line":52,"column":51}},"37":{"start":{"line":53,"column":18},"end":{"line":53,"column":56}},"38":{"start":{"line":54,"column":4},"end":{"line":54,"column":42}},"39":{"start":{"line":54,"column":30},"end":{"line":54,"column":42}},"40":{"start":{"line":55,"column":4},"end":{"line":55,"column":39}},"41":{"start":{"line":57,"column":19},"end":{"line":57,"column":32}},"42":{"start":{"line":58,"column":19},"end":{"line":58,"column":32}},"43":{"start":{"line":60,"column":2},"end":{"line":91,"column":9}},"44":{"start":{"line":61,"column":18},"end":{"line":61,"column":49}},"45":{"start":{"line":62,"column":4},"end":{"line":72,"column":5}},"46":{"start":{"line":63,"column":6},"end":{"line":63,"column":68}},"47":{"start":{"line":64,"column":6},"end":{"line":64,"column":24}},"48":{"start":{"line":65,"column":6},"end":{"line":65,"column":47}},"49":{"start":{"line":68,"column":6},"end":{"line":68,"column":41}},"50":{"start":{"line":69,"column":6},"end":{"line":69,"column":55}},"51":{"start":{"line":70,"column":6},"end":{"line":70,"column":25}},"52":{"start":{"line":71,"column":6},"end":{"line":71,"column":24}},"53":{"start":{"line":74,"column":26},"end":{"line":88,"column":5}},"54":{"start":{"line":75,"column":6},"end":{"line":87,"column":7}},"55":{"start":{"line":76,"column":22},"end":{"line":76,"column":36}},"56":{"start":{"line":77,"column":8},"end":{"line":86,"column":9}},"57":{"start":{"line":78,"column":10},"end":{"line":78,"column":72}},"58":{"start":{"line":79,"column":10},"end":{"line":79,"column":28}},"59":{"start":{"line":80,"column":10},"end":{"line":80,"column":51}},"60":{"start":{"line":82,"column":10},"end":{"line":82,"column":45}},"61":{"start":{"line":83,"column":10},"end":{"line":83,"column":59}},"62":{"start":{"line":84,"column":10},"end":{"line":84,"column":29}},"63":{"start":{"line":85,"column":10},"end":{"line":85,"column":28}},"64":{"start":{"line":89,"column":4},"end":{"line":89,"column":54}},"65":{"start":{"line":90,"column":4},"end":{"line":90,"column":70}},"66":{"start":{"line":90,"column":17},"end":{"line":90,"column":69}},"67":{"start":{"line":93,"column":23},"end":{"line":95,"column":3}},"68":{"start":{"line":94,"column":4},"end":{"line":94,"column":80}},"69":{"start":{"line":97,"column":24},"end":{"line":102,"column":3}},"70":{"start":{"line":98,"column":4},"end":{"line":98,"column":21}},"71":{"start":{"line":99,"column":4},"end":{"line":99,"column":23}},"72":{"start":{"line":100,"column":4},"end":{"line":100,"column":22}},"73":{"start":{"line":101,"column":4},"end":{"line":101,"column":37}},"74":{"start":{"line":104,"column":23},"end":{"line":106,"column":3}},"75":{"start":{"line":105,"column":4},"end":{"line":105,"column":24}},"76":{"start":{"line":108,"column":2},"end":{"line":171,"column":4}},"77":{"start":{"line":135,"column":16},"end":{"line":135,"column":39}},"78":{"start":{"line":136,"column":16},"end":{"line":136,"column":31}},"79":{"start":{"line":152,"column":14},"end":{"line":152,"column":37}},"80":{"start":{"line":153,"column":14},"end":{"line":153,"column":30}},"81":{"start":{"line":162,"column":14},"end":{"line":162,"column":37}},"82":{"start":{"line":163,"column":14},"end":{"line":163,"column":29}}},"fnMap":{"0":{"name":"getUsernameFromToken","decl":{"start":{"line":18,"column":9},"end":{"line":18,"column":29}},"loc":{"start":{"line":18,"column":50},"end":{"line":27,"column":1}}},"1":{"name":"isTokenValid","decl":{"start":{"line":29,"column":9},"end":{"line":29,"column":21}},"loc":{"start":{"line":29,"column":42},"end":{"line":43,"column":1}}},"2":{"name":"UserButton","decl":{"start":{"line":45,"column":16},"end":{"line":45,"column":26}},"loc":{"start":{"line":45,"column":26},"end":{"line":172,"column":1}}},"3":{"name":"(anonymous_3)","decl":{"start":{"line":46,"column":52},"end":{"line":46,"column":55}},"loc":{"start":{"line":46,"column":57},"end":{"line":50,"column":3}}},"4":{"name":"(anonymous_4)","decl":{"start":{"line":51,"column":58},"end":{"line":51,"column":61}},"loc":{"start":{"line":51,"column":63},"end":{"line":56,"column":3}}},"5":{"name":"(anonymous_5)","decl":{"start":{"line":60,"column":12},"end":{"line":60,"column":15}},"loc":{"start":{"line":60,"column":17},"end":{"line":91,"column":3}}},"6":{"name":"(anonymous_6)","decl":{"start":{"line":74,"column":26},"end":{"line":74,"column":27}},"loc":{"start":{"line":74,"column":50},"end":{"line":88,"column":5}}},"7":{"name":"(anonymous_7)","decl":{"start":{"line":90,"column":11},"end":{"line":90,"column":14}},"loc":{"start":{"line":90,"column":17},"end":{"line":90,"column":69}}},"8":{"name":"(anonymous_8)","decl":{"start":{"line":93,"column":23},"end":{"line":93,"column":26}},"loc":{"start":{"line":93,"column":28},"end":{"line":95,"column":3}}},"9":{"name":"(anonymous_9)","decl":{"start":{"line":97,"column":24},"end":{"line":97,"column":27}},"loc":{"start":{"line":97,"column":29},"end":{"line":102,"column":3}}},"10":{"name":"(anonymous_10)","decl":{"start":{"line":104,"column":23},"end":{"line":104,"column":26}},"loc":{"start":{"line":104,"column":28},"end":{"line":106,"column":3}}},"11":{"name":"(anonymous_11)","decl":{"start":{"line":134,"column":24},"end":{"line":134,"column":25}},"loc":{"start":{"line":134,"column":34},"end":{"line":137,"column":15}}},"12":{"name":"(anonymous_12)","decl":{"start":{"line":151,"column":22},"end":{"line":151,"column":23}},"loc":{"start":{"line":151,"column":32},"end":{"line":154,"column":13}}},"13":{"name":"(anonymous_13)","decl":{"start":{"line":161,"column":22},"end":{"line":161,"column":23}},"loc":{"start":{"line":161,"column":32},"end":{"line":164,"column":13}}}},"branchMap":{"0":{"loc":{"start":{"line":19,"column":2},"end":{"line":19,"column":26}},"type":"if","locations":[{"start":{"line":19,"column":2},"end":{"line":19,"column":26}}]},"1":{"loc":{"start":{"line":23,"column":11},"end":{"line":23,"column":30}},"type":"binary-expr","locations":[{"start":{"line":23,"column":11},"end":{"line":23,"column":22}},{"start":{"line":23,"column":26},"end":{"line":23,"column":30}}]},"2":{"loc":{"start":{"line":30,"column":2},"end":{"line":30,"column":27}},"type":"if","locations":[{"start":{"line":30,"column":2},"end":{"line":30,"column":27}}]},"3":{"loc":{"start":{"line":33,"column":4},"end":{"line":33,"column":41}},"type":"if","locations":[{"start":{"line":33,"column":4},"end":{"line":33,"column":41}}]},"4":{"loc":{"start":{"line":36,"column":4},"end":{"line":36,"column":69}},"type":"if","locations":[{"start":{"line":36,"column":4},"end":{"line":36,"column":69}}]},"5":{"loc":{"start":{"line":36,"column":8},"end":{"line":36,"column":54}},"type":"binary-expr","locations":[{"start":{"line":36,"column":8},"end":{"line":36,"column":19}},{"start":{"line":36,"column":23},"end":{"line":36,"column":54}}]},"6":{"loc":{"start":{"line":38,"column":4},"end":{"line":38,"column":35}},"type":"if","locations":[{"start":{"line":38,"column":4},"end":{"line":38,"column":35}}]},"7":{"loc":{"start":{"line":47,"column":4},"end":{"line":47,"column":52}},"type":"if","locations":[{"start":{"line":47,"column":4},"end":{"line":47,"column":52}}]},"8":{"loc":{"start":{"line":52,"column":4},"end":{"line":52,"column":51}},"type":"if","locations":[{"start":{"line":52,"column":4},"end":{"line":52,"column":51}}]},"9":{"loc":{"start":{"line":54,"column":4},"end":{"line":54,"column":42}},"type":"if","locations":[{"start":{"line":54,"column":4},"end":{"line":54,"column":42}}]},"10":{"loc":{"start":{"line":62,"column":4},"end":{"line":72,"column":5}},"type":"if","locations":[{"start":{"line":62,"column":4},"end":{"line":72,"column":5}},{"start":{"line":66,"column":11},"end":{"line":72,"column":5}}]},"11":{"loc":{"start":{"line":62,"column":8},"end":{"line":62,"column":36}},"type":"binary-expr","locations":[{"start":{"line":62,"column":8},"end":{"line":62,"column":13}},{"start":{"line":62,"column":17},"end":{"line":62,"column":36}}]},"12":{"loc":{"start":{"line":75,"column":6},"end":{"line":87,"column":7}},"type":"if","locations":[{"start":{"line":75,"column":6},"end":{"line":87,"column":7}}]},"13":{"loc":{"start":{"line":77,"column":8},"end":{"line":86,"column":9}},"type":"if","locations":[{"start":{"line":77,"column":8},"end":{"line":86,"column":9}},{"start":{"line":81,"column":15},"end":{"line":86,"column":9}}]},"14":{"loc":{"start":{"line":77,"column":12},"end":{"line":77,"column":40}},"type":"binary-expr","locations":[{"start":{"line":77,"column":12},"end":{"line":77,"column":17}},{"start":{"line":77,"column":21},"end":{"line":77,"column":40}}]},"15":{"loc":{"start":{"line":111,"column":9},"end":{"line":121,"column":null}},"type":"cond-expr","locations":[{"start":{"line":112,"column":10},"end":{"line":116,"column":null}},{"start":{"line":119,"column":10},"end":{"line":120,"column":null}}]},"16":{"loc":{"start":{"line":111,"column":9},"end":{"line":111,"column":29}},"type":"binary-expr","locations":[{"start":{"line":111,"column":9},"end":{"line":111,"column":17}},{"start":{"line":111,"column":21},"end":{"line":111,"column":29}}]},"17":{"loc":{"start":{"line":116,"column":13},"end":{"line":116,"column":46}},"type":"binary-expr","locations":[{"start":{"line":116,"column":13},"end":{"line":116,"column":39}},{"start":{"line":116,"column":43},"end":{"line":116,"column":46}}]},"18":{"loc":{"start":{"line":116,"column":13},"end":{"line":116,"column":39}},"type":"cond-expr","locations":[{"start":{"line":116,"column":24},"end":{"line":116,"column":26}},{"start":{"line":116,"column":24},"end":{"line":116,"column":39}}]},"19":{"loc":{"start":{"line":116,"column":13},"end":{"line":116,"column":26}},"type":"binary-expr","locations":[{"start":{"line":116,"column":13},"end":{"line":116,"column":26}},{"start":{"line":116,"column":24},"end":{"line":116,"column":26}}]},"20":{"loc":{"start":{"line":127,"column":13},"end":{"line":127,"column":76}},"type":"cond-expr","locations":[{"start":{"line":127,"column":24},"end":{"line":127,"column":50}},{"start":{"line":127,"column":53},"end":{"line":127,"column":76}}]},"21":{"loc":{"start":{"line":131,"column":9},"end":{"line":143,"column":null}},"type":"binary-expr","locations":[{"start":{"line":131,"column":9},"end":{"line":131,"column":17}},{"start":{"line":132,"column":10},"end":{"line":142,"column":null}}]},"22":{"loc":{"start":{"line":149,"column":9},"end":{"line":167,"column":null}},"type":"cond-expr","locations":[{"start":{"line":150,"column":10},"end":{"line":155,"column":null}},{"start":{"line":160,"column":10},"end":{"line":164,"column":null}}]}},"s":{"0":5,"1":5,"2":5,"3":5,"4":5,"5":5,"6":5,"7":5,"8":5,"9":5,"10":0,"11":5,"12":5,"13":5,"14":5,"15":0,"16":31,"17":24,"18":7,"19":7,"20":7,"21":0,"22":7,"23":7,"24":0,"25":7,"26":0,"27":7,"28":0,"29":18,"30":14,"31":0,"32":14,"33":14,"34":18,"35":14,"36":0,"37":14,"38":14,"39":12,"40":2,"41":18,"42":18,"43":18,"44":14,"45":14,"46":2,"47":2,"48":2,"49":12,"50":12,"51":12,"52":12,"53":14,"54":2,"55":2,"56":2,"57":1,"58":1,"59":1,"60":1,"61":1,"62":1,"63":1,"64":14,"65":14,"66":14,"67":18,"68":0,"69":18,"70":0,"71":0,"72":0,"73":0,"74":18,"75":0,"76":18,"77":0,"78":0,"79":0,"80":0,"81":0,"82":0},"f":{"0":5,"1":31,"2":18,"3":14,"4":14,"5":14,"6":2,"7":14,"8":0,"9":0,"10":0,"11":0,"12":0,"13":0},"b":{"0":[0],"1":[5,0],"2":[24],"3":[0],"4":[0],"5":[7,7],"6":[0],"7":[0],"8":[0],"9":[12],"10":[2,12],"11":[14,2],"12":[2],"13":[1,1],"14":[2,1],"15":[3,15],"16":[18,3],"17":[3,0],"18":[0,3],"19":[3,3],"20":[3,15],"21":[18,3],"22":[3,15]}}
,"C:\\Users\\Adri\\Repos\\LS2-protube\\frontend\\src\\components\\video-card.tsx": {"path":"C:\\Users\\Adri\\Repos\\LS2-protube\\frontend\\src\\components\\video-card.tsx","statementMap":{"0":{"start":{"line":15,"column":0},"end":{"line":15,"column":16}},"1":{"start":{"line":3,"column":0},"end":{"line":3,"column":62}},"2":{"start":{"line":4,"column":0},"end":{"line":4,"column":36}},"3":{"start":{"line":5,"column":0},"end":{"line":5,"column":59}},"4":{"start":{"line":6,"column":0},"end":{"line":6,"column":41}},"5":{"start":{"line":7,"column":0},"end":{"line":7,"column":50}},"6":{"start":{"line":13,"column":25},"end":{"line":13,"column":29}},"7":{"start":{"line":16,"column":24},"end":{"line":18,"column":23}},"8":{"start":{"line":19,"column":19},"end":{"line":19,"column":44}},"9":{"start":{"line":20,"column":23},"end":{"line":20,"column":50}},"10":{"start":{"line":21,"column":40},"end":{"line":21,"column":55}},"11":{"start":{"line":22,"column":24},"end":{"line":22,"column":74}},"12":{"start":{"line":23,"column":21},"end":{"line":23,"column":58}},"13":{"start":{"line":24,"column":21},"end":{"line":24,"column":48}},"14":{"start":{"line":25,"column":2},"end":{"line":93,"column":4}},"15":{"start":{"line":30,"column":8},"end":{"line":30,"column":71}},"16":{"start":{"line":30,"column":35},"end":{"line":30,"column":71}},"17":{"start":{"line":31,"column":8},"end":{"line":38,"column":29}},"18":{"start":{"line":32,"column":10},"end":{"line":32,"column":31}},"19":{"start":{"line":33,"column":21},"end":{"line":33,"column":39}},"20":{"start":{"line":34,"column":10},"end":{"line":37,"column":11}},"21":{"start":{"line":35,"column":12},"end":{"line":35,"column":31}},"22":{"start":{"line":36,"column":12},"end":{"line":36,"column":39}},"23":{"start":{"line":41,"column":8},"end":{"line":44,"column":9}},"24":{"start":{"line":42,"column":10},"end":{"line":42,"column":46}},"25":{"start":{"line":43,"column":10},"end":{"line":43,"column":39}},"26":{"start":{"line":45,"column":8},"end":{"line":45,"column":30}},"27":{"start":{"line":46,"column":19},"end":{"line":46,"column":37}},"28":{"start":{"line":47,"column":8},"end":{"line":50,"column":9}},"29":{"start":{"line":48,"column":10},"end":{"line":48,"column":21}},"30":{"start":{"line":49,"column":10},"end":{"line":49,"column":29}},"31":{"start":{"line":72,"column":26},"end":{"line":72,"column":45}},"32":{"start":{"line":84,"column":30},"end":{"line":84,"column":49}}},"fnMap":{"0":{"name":"VideoCard","decl":{"start":{"line":15,"column":16},"end":{"line":15,"column":25}},"loc":{"start":{"line":15,"column":53},"end":{"line":94,"column":1}}},"1":{"name":"(anonymous_1)","decl":{"start":{"line":29,"column":20},"end":{"line":29,"column":23}},"loc":{"start":{"line":29,"column":25},"end":{"line":39,"column":7}}},"2":{"name":"(anonymous_2)","decl":{"start":{"line":31,"column":43},"end":{"line":31,"column":46}},"loc":{"start":{"line":31,"column":48},"end":{"line":38,"column":9}}},"3":{"name":"(anonymous_3)","decl":{"start":{"line":36,"column":28},"end":{"line":36,"column":31}},"loc":{"start":{"line":36,"column":33},"end":{"line":36,"column":37}}},"4":{"name":"(anonymous_4)","decl":{"start":{"line":40,"column":20},"end":{"line":40,"column":23}},"loc":{"start":{"line":40,"column":25},"end":{"line":51,"column":7}}},"5":{"name":"(anonymous_5)","decl":{"start":{"line":72,"column":19},"end":{"line":72,"column":20}},"loc":{"start":{"line":72,"column":26},"end":{"line":72,"column":45}}},"6":{"name":"(anonymous_6)","decl":{"start":{"line":84,"column":23},"end":{"line":84,"column":24}},"loc":{"start":{"line":84,"column":30},"end":{"line":84,"column":49}}}},"branchMap":{"0":{"loc":{"start":{"line":20,"column":23},"end":{"line":20,"column":50}},"type":"binary-expr","locations":[{"start":{"line":20,"column":23},"end":{"line":20,"column":37}},{"start":{"line":20,"column":41},"end":{"line":20,"column":50}}]},"1":{"loc":{"start":{"line":20,"column":23},"end":{"line":20,"column":37}},"type":"cond-expr","locations":[{"start":{"line":20,"column":27},"end":{"line":20,"column":29}},{"start":{"line":20,"column":23},"end":{"line":20,"column":37}}]},"2":{"loc":{"start":{"line":20,"column":23},"end":{"line":20,"column":29}},"type":"binary-expr","locations":[{"start":{"line":20,"column":23},"end":{"line":20,"column":29}},{"start":{"line":20,"column":23},"end":{"line":20,"column":29}}]},"3":{"loc":{"start":{"line":30,"column":8},"end":{"line":30,"column":71}},"type":"if","locations":[{"start":{"line":30,"column":8},"end":{"line":30,"column":71}}]},"4":{"loc":{"start":{"line":34,"column":10},"end":{"line":37,"column":11}},"type":"if","locations":[{"start":{"line":34,"column":10},"end":{"line":37,"column":11}}]},"5":{"loc":{"start":{"line":41,"column":8},"end":{"line":44,"column":9}},"type":"if","locations":[{"start":{"line":41,"column":8},"end":{"line":44,"column":9}}]},"6":{"loc":{"start":{"line":47,"column":8},"end":{"line":50,"column":9}},"type":"if","locations":[{"start":{"line":47,"column":8},"end":{"line":50,"column":9}}]},"7":{"loc":{"start":{"line":57,"column":120},"end":{"line":57,"column":161}},"type":"cond-expr","locations":[{"start":{"line":57,"column":134},"end":{"line":57,"column":147}},{"start":{"line":57,"column":150},"end":{"line":57,"column":161}}]},"8":{"loc":{"start":{"line":74,"column":11},"end":{"line":74,"column":48}},"type":"binary-expr","locations":[{"start":{"line":74,"column":11},"end":{"line":74,"column":41}},{"start":{"line":74,"column":45},"end":{"line":74,"column":48}}]},"9":{"loc":{"start":{"line":74,"column":11},"end":{"line":74,"column":41}},"type":"cond-expr","locations":[{"start":{"line":74,"column":26},"end":{"line":74,"column":28}},{"start":{"line":74,"column":26},"end":{"line":74,"column":41}}]},"10":{"loc":{"start":{"line":74,"column":11},"end":{"line":74,"column":28}},"type":"binary-expr","locations":[{"start":{"line":74,"column":11},"end":{"line":74,"column":28}},{"start":{"line":74,"column":26},"end":{"line":74,"column":28}}]}},"s":{"0":3,"1":3,"2":3,"3":3,"4":3,"5":3,"6":3,"7":21,"8":21,"9":21,"10":21,"11":21,"12":21,"13":21,"14":21,"15":0,"16":0,"17":0,"18":0,"19":0,"20":0,"21":0,"22":0,"23":0,"24":0,"25":0,"26":0,"27":0,"28":0,"29":0,"30":0,"31":1,"32":0},"f":{"0":21,"1":0,"2":0,"3":0,"4":0,"5":1,"6":0},"b":{"0":[21,3],"1":[3,18],"2":[21,18],"3":[0],"4":[0],"5":[0],"6":[0],"7":[0,21],"8":[21,0],"9":[0,21],"10":[21,21]}}
,"C:\\Users\\Adri\\Repos\\LS2-protube\\frontend\\src\\components\\layout\\layout.tsx": {"path":"C:\\Users\\Adri\\Repos\\LS2-protube\\frontend\\src\\components\\layout\\layout.tsx","statementMap":{"0":{"start":{"line":13,"column":0},"end":{"line":13,"column":16}},"1":{"start":{"line":2,"column":0},"end":{"line":2,"column":36}},"2":{"start":{"line":3,"column":0},"end":{"line":3,"column":44}},"3":{"start":{"line":5,"column":0},"end":{"line":5,"column":42}},"4":{"start":{"line":6,"column":0},"end":{"line":6,"column":54}},"5":{"start":{"line":7,"column":0},"end":{"line":7,"column":33}},"6":{"start":{"line":14,"column":32},"end":{"line":14,"column":47}},"7":{"start":{"line":15,"column":2},"end":{"line":30,"column":9}},"8":{"start":{"line":16,"column":25},"end":{"line":26,"column":5}},"9":{"start":{"line":17,"column":24},"end":{"line":17,"column":38}},"10":{"start":{"line":18,"column":24},"end":{"line":18,"column":82}},"11":{"start":{"line":19,"column":28},"end":{"line":19,"column":69}},"12":{"start":{"line":21,"column":6},"end":{"line":25,"column":7}},"13":{"start":{"line":22,"column":8},"end":{"line":22,"column":25}},"14":{"start":{"line":24,"column":8},"end":{"line":24,"column":26}},"15":{"start":{"line":28,"column":4},"end":{"line":28,"column":52}},"16":{"start":{"line":29,"column":4},"end":{"line":29,"column":68}},"17":{"start":{"line":29,"column":17},"end":{"line":29,"column":67}},"18":{"start":{"line":32,"column":2},"end":{"line":52,"column":4}}},"fnMap":{"0":{"name":"Layout","decl":{"start":{"line":13,"column":16},"end":{"line":13,"column":22}},"loc":{"start":{"line":13,"column":42},"end":{"line":53,"column":1}}},"1":{"name":"(anonymous_1)","decl":{"start":{"line":15,"column":12},"end":{"line":15,"column":15}},"loc":{"start":{"line":15,"column":17},"end":{"line":30,"column":3}}},"2":{"name":"(anonymous_2)","decl":{"start":{"line":16,"column":25},"end":{"line":16,"column":28}},"loc":{"start":{"line":16,"column":30},"end":{"line":26,"column":5}}},"3":{"name":"(anonymous_3)","decl":{"start":{"line":29,"column":11},"end":{"line":29,"column":14}},"loc":{"start":{"line":29,"column":17},"end":{"line":29,"column":67}}}},"branchMap":{"0":{"loc":{"start":{"line":21,"column":6},"end":{"line":25,"column":7}},"type":"if","locations":[{"start":{"line":21,"column":6},"end":{"line":25,"column":7}},{"start":{"line":23,"column":13},"end":{"line":25,"column":7}}]},"1":{"loc":{"start":{"line":37,"column":10},"end":{"line":37,"column":45}},"type":"cond-expr","locations":[{"start":{"line":37,"column":20},"end":{"line":37,"column":32}},{"start":{"line":37,"column":35},"end":{"line":37,"column":45}}]}},"s":{"0":5,"1":5,"2":5,"3":5,"4":5,"5":5,"6":16,"7":16,"8":15,"9":2,"10":2,"11":2,"12":2,"13":1,"14":1,"15":15,"16":15,"17":15,"18":16},"f":{"0":16,"1":15,"2":2,"3":15},"b":{"0":[1,1],"1":[0,16]}}
,"C:\\Users\\Adri\\Repos\\LS2-protube\\frontend\\src\\components\\pages\\auth.tsx": {"path":"C:\\Users\\Adri\\Repos\\LS2-protube\\frontend\\src\\components\\pages\\auth.tsx","statementMap":{"0":{"start":{"line":17,"column":0},"end":{"line":17,"column":16}},"1":{"start":{"line":1,"column":0},"end":{"line":1,"column":49}},"2":{"start":{"line":2,"column":0},"end":{"line":2,"column":56}},"3":{"start":{"line":3,"column":0},"end":{"line":3,"column":26}},"4":{"start":{"line":5,"column":0},"end":{"line":5,"column":52}},"5":{"start":{"line":6,"column":0},"end":{"line":6,"column":48}},"6":{"start":{"line":7,"column":0},"end":{"line":7,"column":37}},"7":{"start":{"line":8,"column":0},"end":{"line":8,"column":34}},"8":{"start":{"line":9,"column":0},"end":{"line":9,"column":62}},"9":{"start":{"line":18,"column":26},"end":{"line":18,"column":50}},"10":{"start":{"line":19,"column":34},"end":{"line":19,"column":46}},"11":{"start":{"line":20,"column":34},"end":{"line":20,"column":46}},"12":{"start":{"line":21,"column":48},"end":{"line":21,"column":60}},"13":{"start":{"line":22,"column":42},"end":{"line":22,"column":57}},"14":{"start":{"line":23,"column":28},"end":{"line":23,"column":57}},"15":{"start":{"line":25,"column":19},"end":{"line":25,"column":32}},"16":{"start":{"line":26,"column":19},"end":{"line":26,"column":32}},"17":{"start":{"line":28,"column":2},"end":{"line":28,"column":89}},"18":{"start":{"line":30,"column":25},"end":{"line":30,"column":33}},"19":{"start":{"line":31,"column":22},"end":{"line":31,"column":37}},"20":{"start":{"line":33,"column":23},"end":{"line":78,"column":4}},"21":{"start":{"line":33,"column":46},"end":{"line":78,"column":4}},"22":{"start":{"line":34,"column":4},"end":{"line":34,"column":23}},"23":{"start":{"line":35,"column":4},"end":{"line":35,"column":19}},"24":{"start":{"line":37,"column":4},"end":{"line":40,"column":5}},"25":{"start":{"line":38,"column":6},"end":{"line":38,"column":42}},"26":{"start":{"line":39,"column":6},"end":{"line":39,"column":13}},"27":{"start":{"line":42,"column":4},"end":{"line":45,"column":5}},"28":{"start":{"line":43,"column":6},"end":{"line":43,"column":54}},"29":{"start":{"line":44,"column":6},"end":{"line":44,"column":13}},"30":{"start":{"line":47,"column":4},"end":{"line":47,"column":26}},"31":{"start":{"line":48,"column":4},"end":{"line":77,"column":5}},"32":{"start":{"line":49,"column":23},"end":{"line":49,"column":75}},"33":{"start":{"line":50,"column":18},"end":{"line":53,"column":8}},"34":{"start":{"line":55,"column":20},"end":{"line":55,"column":34}},"35":{"start":{"line":56,"column":6},"end":{"line":59,"column":7}},"36":{"start":{"line":57,"column":8},"end":{"line":57,"column":53}},"37":{"start":{"line":58,"column":8},"end":{"line":58,"column":70}},"38":{"start":{"line":61,"column":19},"end":{"line":61,"column":76}},"39":{"start":{"line":62,"column":6},"end":{"line":62,"column":40}},"40":{"start":{"line":64,"column":6},"end":{"line":74,"column":7}},"41":{"start":{"line":65,"column":8},"end":{"line":71,"column":9}},"42":{"start":{"line":66,"column":10},"end":{"line":66,"column":54}},"43":{"start":{"line":67,"column":15},"end":{"line":71,"column":9}},"44":{"start":{"line":68,"column":10},"end":{"line":68,"column":68}},"45":{"start":{"line":70,"column":10},"end":{"line":70,"column":70}},"46":{"start":{"line":73,"column":8},"end":{"line":73,"column":60}},"47":{"start":{"line":76,"column":6},"end":{"line":76,"column":29}},"48":{"start":{"line":80,"column":2},"end":{"line":189,"column":4}},"49":{"start":{"line":102,"column":29},"end":{"line":102,"column":46}},"50":{"start":{"line":113,"column":29},"end":{"line":113,"column":46}},"51":{"start":{"line":130,"column":33},"end":{"line":130,"column":60}},"52":{"start":{"line":142,"column":33},"end":{"line":142,"column":60}},"53":{"start":{"line":155,"column":35},"end":{"line":155,"column":69}}},"fnMap":{"0":{"name":"AuthPage","decl":{"start":{"line":17,"column":16},"end":{"line":17,"column":24}},"loc":{"start":{"line":17,"column":24},"end":{"line":190,"column":1}}},"1":{"name":"(anonymous_9)","decl":{"start":{"line":33,"column":23},"end":{"line":33,"column":30}},"loc":{"start":{"line":33,"column":46},"end":{"line":78,"column":4}}},"2":{"name":"(anonymous_10)","decl":{"start":{"line":33,"column":46},"end":{"line":33,"column":null}},"loc":{"start":{"line":33,"column":46},"end":{"line":78,"column":3}}},"3":{"name":"(anonymous_11)","decl":{"start":{"line":102,"column":23},"end":{"line":102,"column":26}},"loc":{"start":{"line":102,"column":29},"end":{"line":102,"column":46}}},"4":{"name":"(anonymous_12)","decl":{"start":{"line":113,"column":23},"end":{"line":113,"column":26}},"loc":{"start":{"line":113,"column":29},"end":{"line":113,"column":46}}},"5":{"name":"(anonymous_13)","decl":{"start":{"line":130,"column":26},"end":{"line":130,"column":27}},"loc":{"start":{"line":130,"column":33},"end":{"line":130,"column":60}}},"6":{"name":"(anonymous_14)","decl":{"start":{"line":142,"column":26},"end":{"line":142,"column":27}},"loc":{"start":{"line":142,"column":33},"end":{"line":142,"column":60}}},"7":{"name":"(anonymous_15)","decl":{"start":{"line":155,"column":28},"end":{"line":155,"column":29}},"loc":{"start":{"line":155,"column":35},"end":{"line":155,"column":69}}}},"branchMap":{"0":{"loc":{"start":{"line":28,"column":19},"end":{"line":28,"column":87}},"type":"cond-expr","locations":[{"start":{"line":28,"column":39},"end":{"line":28,"column":58}},{"start":{"line":28,"column":61},"end":{"line":28,"column":87}}]},"1":{"loc":{"start":{"line":37,"column":4},"end":{"line":40,"column":5}},"type":"if","locations":[{"start":{"line":37,"column":4},"end":{"line":40,"column":5}}]},"2":{"loc":{"start":{"line":37,"column":8},"end":{"line":37,"column":57}},"type":"binary-expr","locations":[{"start":{"line":37,"column":8},"end":{"line":37,"column":25}},{"start":{"line":37,"column":29},"end":{"line":37,"column":57}}]},"3":{"loc":{"start":{"line":42,"column":4},"end":{"line":45,"column":5}},"type":"if","locations":[{"start":{"line":42,"column":4},"end":{"line":45,"column":5}}]},"4":{"loc":{"start":{"line":42,"column":8},"end":{"line":42,"column":44}},"type":"binary-expr","locations":[{"start":{"line":42,"column":8},"end":{"line":42,"column":24}},{"start":{"line":42,"column":28},"end":{"line":42,"column":44}}]},"5":{"loc":{"start":{"line":49,"column":23},"end":{"line":49,"column":75}},"type":"cond-expr","locations":[{"start":{"line":49,"column":43},"end":{"line":49,"column":56}},{"start":{"line":49,"column":59},"end":{"line":49,"column":75}}]},"6":{"loc":{"start":{"line":56,"column":6},"end":{"line":59,"column":7}},"type":"if","locations":[{"start":{"line":56,"column":6},"end":{"line":59,"column":7}}]},"7":{"loc":{"start":{"line":61,"column":19},"end":{"line":61,"column":76}},"type":"cond-expr","locations":[{"start":{"line":61,"column":69},"end":{"line":61,"column":73}},{"start":{"line":61,"column":73},"end":{"line":61,"column":76}}]},"8":{"loc":{"start":{"line":61,"column":19},"end":{"line":61,"column":73}},"type":"binary-expr","locations":[{"start":{"line":61,"column":19},"end":{"line":61,"column":73}},{"start":{"line":61,"column":69},"end":{"line":61,"column":73}}]},"9":{"loc":{"start":{"line":61,"column":19},"end":{"line":61,"column":69}},"type":"cond-expr","locations":[{"start":{"line":61,"column":63},"end":{"line":61,"column":65}},{"start":{"line":61,"column":63},"end":{"line":61,"column":69}}]},"10":{"loc":{"start":{"line":61,"column":19},"end":{"line":61,"column":65}},"type":"binary-expr","locations":[{"start":{"line":61,"column":19},"end":{"line":61,"column":65}},{"start":{"line":61,"column":63},"end":{"line":61,"column":65}}]},"11":{"loc":{"start":{"line":64,"column":6},"end":{"line":74,"column":7}},"type":"if","locations":[{"start":{"line":64,"column":6},"end":{"line":74,"column":7}},{"start":{"line":72,"column":13},"end":{"line":74,"column":7}}]},"12":{"loc":{"start":{"line":65,"column":8},"end":{"line":71,"column":9}},"type":"if","locations":[{"start":{"line":65,"column":8},"end":{"line":71,"column":9}},{"start":{"line":67,"column":15},"end":{"line":71,"column":9}}]},"13":{"loc":{"start":{"line":65,"column":12},"end":{"line":65,"column":32}},"type":"cond-expr","locations":[{"start":{"line":65,"column":24},"end":{"line":65,"column":26}},{"start":{"line":65,"column":24},"end":{"line":65,"column":32}}]},"14":{"loc":{"start":{"line":65,"column":12},"end":{"line":65,"column":26}},"type":"binary-expr","locations":[{"start":{"line":65,"column":12},"end":{"line":65,"column":26}},{"start":{"line":65,"column":24},"end":{"line":65,"column":26}}]},"15":{"loc":{"start":{"line":67,"column":15},"end":{"line":71,"column":9}},"type":"if","locations":[{"start":{"line":67,"column":15},"end":{"line":71,"column":9}},{"start":{"line":69,"column":15},"end":{"line":71,"column":9}}]},"16":{"loc":{"start":{"line":67,"column":19},"end":{"line":67,"column":39}},"type":"cond-expr","locations":[{"start":{"line":67,"column":31},"end":{"line":67,"column":33}},{"start":{"line":67,"column":31},"end":{"line":67,"column":39}}]},"17":{"loc":{"start":{"line":67,"column":19},"end":{"line":67,"column":33}},"type":"binary-expr","locations":[{"start":{"line":67,"column":19},"end":{"line":67,"column":33}},{"start":{"line":67,"column":31},"end":{"line":67,"column":33}}]},"18":{"loc":{"start":{"line":88,"column":17},"end":{"line":88,"column":65}},"type":"cond-expr","locations":[{"start":{"line":88,"column":37},"end":{"line":88,"column":46}},{"start":{"line":88,"column":49},"end":{"line":88,"column":65}}]},"19":{"loc":{"start":{"line":97,"column":16},"end":{"line":97,"column":null}},"type":"cond-expr","locations":[{"start":{"line":97,"column":36},"end":{"line":97,"column":44}},{"start":{"line":97,"column":47},"end":{"line":97,"column":null}}]},"20":{"loc":{"start":{"line":104,"column":16},"end":{"line":106,"column":null}},"type":"cond-expr","locations":[{"start":{"line":105,"column":20},"end":{"line":105,"column":37}},{"start":{"line":106,"column":20},"end":{"line":106,"column":null}}]},"21":{"loc":{"start":{"line":115,"column":16},"end":{"line":117,"column":null}},"type":"cond-expr","locations":[{"start":{"line":116,"column":20},"end":{"line":116,"column":37}},{"start":{"line":117,"column":20},"end":{"line":117,"column":null}}]},"22":{"loc":{"start":{"line":145,"column":30},"end":{"line":145,"column":85}},"type":"cond-expr","locations":[{"start":{"line":145,"column":50},"end":{"line":145,"column":68}},{"start":{"line":145,"column":71},"end":{"line":145,"column":85}}]},"23":{"loc":{"start":{"line":149,"column":13},"end":{"line":160,"column":null}},"type":"binary-expr","locations":[{"start":{"line":149,"column":13},"end":{"line":149,"column":30}},{"start":{"line":150,"column":14},"end":{"line":159,"column":null}}]},"24":{"loc":{"start":{"line":163,"column":13},"end":{"line":166,"column":null}},"type":"binary-expr","locations":[{"start":{"line":163,"column":13},"end":{"line":163,"column":18}},{"start":{"line":164,"column":14},"end":{"line":165,"column":null}}]},"25":{"loc":{"start":{"line":171,"column":17},"end":{"line":173,"column":94}},"type":"cond-expr","locations":[{"start":{"line":172,"column":20},"end":{"line":172,"column":86}},{"start":{"line":173,"column":20},"end":{"line":173,"column":94}}]},"26":{"loc":{"start":{"line":176,"column":17},"end":{"line":182,"column":38}},"type":"cond-expr","locations":[{"start":{"line":177,"column":20},"end":{"line":179,"column":35}},{"start":{"line":180,"column":20},"end":{"line":182,"column":38}}]},"27":{"loc":{"start":{"line":177,"column":20},"end":{"line":179,"column":35}},"type":"cond-expr","locations":[{"start":{"line":178,"column":22},"end":{"line":178,"column":37}},{"start":{"line":179,"column":22},"end":{"line":179,"column":35}}]},"28":{"loc":{"start":{"line":180,"column":20},"end":{"line":182,"column":38}},"type":"cond-expr","locations":[{"start":{"line":181,"column":22},"end":{"line":181,"column":31}},{"start":{"line":182,"column":22},"end":{"line":182,"column":38}}]}},"s":{"0":1,"1":1,"2":1,"3":1,"4":1,"5":1,"6":1,"7":1,"8":1,"9":78,"10":78,"11":78,"12":78,"13":78,"14":78,"15":78,"16":78,"17":78,"18":78,"19":78,"20":78,"21":13,"22":13,"23":13,"24":13,"25":1,"26":1,"27":12,"28":2,"29":2,"30":10,"31":10,"32":10,"33":10,"34":6,"35":6,"36":6,"37":6,"38":6,"39":6,"40":4,"41":3,"42":1,"43":2,"44":1,"45":1,"46":1,"47":10,"48":78,"49":1,"50":7,"51":13,"52":13,"53":4},"f":{"0":78,"1":13,"2":13,"3":1,"4":7,"5":13,"6":13,"7":4},"b":{"0":[53,25],"1":[1],"2":[13,4],"3":[2],"4":[12,10],"5":[7,3],"6":[6],"7":[4,2],"8":[6,6],"9":[2,4],"10":[6,4],"11":[3,1],"12":[1,2],"13":[0,3],"14":[3,3],"15":[1,1],"16":[0,2],"17":[2,2],"18":[53,25],"19":[53,25],"20":[53,25],"21":[25,53],"22":[53,25],"23":[78,25],"24":[78,7],"25":[53,25],"26":[10,68],"27":[7,3],"28":[46,22]}}
,"C:\\Users\\Adri\\Repos\\LS2-protube\\frontend\\src\\components\\pages\\channel-page.tsx": {"path":"C:\\Users\\Adri\\Repos\\LS2-protube\\frontend\\src\\components\\pages\\channel-page.tsx","statementMap":{"0":{"start":{"line":10,"column":0},"end":{"line":10,"column":16}},"1":{"start":{"line":1,"column":0},"end":{"line":1,"column":41}},"2":{"start":{"line":2,"column":0},"end":{"line":2,"column":52}},"3":{"start":{"line":3,"column":0},"end":{"line":3,"column":52}},"4":{"start":{"line":4,"column":0},"end":{"line":4,"column":53}},"5":{"start":{"line":5,"column":0},"end":{"line":5,"column":62}},"6":{"start":{"line":8,"column":0},"end":{"line":8,"column":59}},"7":{"start":{"line":11,"column":17},"end":{"line":11,"column":44}},"8":{"start":{"line":12,"column":57},"end":{"line":12,"column":81}},"9":{"start":{"line":14,"column":2},"end":{"line":14,"column":78}},"10":{"start":{"line":16,"column":2},"end":{"line":25,"column":3}},"11":{"start":{"line":17,"column":4},"end":{"line":24,"column":6}},"12":{"start":{"line":27,"column":2},"end":{"line":36,"column":3}},"13":{"start":{"line":28,"column":4},"end":{"line":35,"column":6}},"14":{"start":{"line":38,"column":2},"end":{"line":47,"column":3}},"15":{"start":{"line":39,"column":4},"end":{"line":46,"column":6}},"16":{"start":{"line":49,"column":2},"end":{"line":89,"column":4}},"17":{"start":{"line":80,"column":26},"end":{"line":81,"column":66}},"18":{"start":{"line":80,"column":68},"end":{"line":80,"column":109}},"19":{"start":{"line":82,"column":16},"end":{"line":82,"column":80}}},"fnMap":{"0":{"name":"ChannelPage","decl":{"start":{"line":10,"column":16},"end":{"line":10,"column":27}},"loc":{"start":{"line":10,"column":27},"end":{"line":90,"column":1}}},"1":{"name":"(anonymous_1)","decl":{"start":{"line":79,"column":26},"end":{"line":79,"column":27}},"loc":{"start":{"line":79,"column":43},"end":{"line":83,"column":15}}},"2":{"name":"(anonymous_2)","decl":{"start":{"line":80,"column":42},"end":{"line":80,"column":43}},"loc":{"start":{"line":80,"column":68},"end":{"line":80,"column":109}}}},"branchMap":{"0":{"loc":{"start":{"line":12,"column":72},"end":{"line":12,"column":80}},"type":"binary-expr","locations":[{"start":{"line":12,"column":72},"end":{"line":12,"column":74}},{"start":{"line":12,"column":78},"end":{"line":12,"column":80}}]},"1":{"loc":{"start":{"line":14,"column":19},"end":{"line":14,"column":76}},"type":"cond-expr","locations":[{"start":{"line":14,"column":26},"end":{"line":14,"column":54}},{"start":{"line":14,"column":57},"end":{"line":14,"column":76}}]},"2":{"loc":{"start":{"line":16,"column":2},"end":{"line":25,"column":3}},"type":"if","locations":[{"start":{"line":16,"column":2},"end":{"line":25,"column":3}}]},"3":{"loc":{"start":{"line":27,"column":2},"end":{"line":36,"column":3}},"type":"if","locations":[{"start":{"line":27,"column":2},"end":{"line":36,"column":3}}]},"4":{"loc":{"start":{"line":38,"column":2},"end":{"line":47,"column":3}},"type":"if","locations":[{"start":{"line":38,"column":2},"end":{"line":47,"column":3}}]},"5":{"loc":{"start":{"line":55,"column":13},"end":{"line":55,"column":65}},"type":"cond-expr","locations":[{"start":{"line":55,"column":29},"end":{"line":55,"column":59}},{"start":{"line":55,"column":62},"end":{"line":55,"column":65}}]},"6":{"loc":{"start":{"line":63,"column":37},"end":{"line":63,"column":77}},"type":"cond-expr","locations":[{"start":{"line":63,"column":59},"end":{"line":63,"column":66}},{"start":{"line":63,"column":69},"end":{"line":63,"column":77}}]},"7":{"loc":{"start":{"line":71,"column":11},"end":{"line":84,"column":null}},"type":"cond-expr","locations":[{"start":{"line":72,"column":12},"end":{"line":75,"column":null}},{"start":{"line":78,"column":12},"end":{"line":83,"column":null}}]},"8":{"loc":{"start":{"line":80,"column":26},"end":{"line":81,"column":66}},"type":"cond-expr","locations":[{"start":{"line":80,"column":110},"end":{"line":80,"column":null}},{"start":{"line":81,"column":22},"end":{"line":81,"column":66}}]},"9":{"loc":{"start":{"line":80,"column":26},"end":{"line":80,"column":null}},"type":"binary-expr","locations":[{"start":{"line":80,"column":26},"end":{"line":80,"column":null}},{"start":{"line":80,"column":110},"end":{"line":80,"column":null}}]}},"s":{"0":1,"1":1,"2":1,"3":1,"4":1,"5":1,"6":1,"7":6,"8":6,"9":6,"10":6,"11":1,"12":5,"13":1,"14":4,"15":1,"16":3,"17":3,"18":1,"19":3},"f":{"0":6,"1":3,"2":1},"b":{"0":[6,0],"1":[3,3],"2":[1],"3":[1],"4":[1],"5":[3,0],"6":[1,2],"7":[1,2],"8":[1,2],"9":[3,3]}}
,"C:\\Users\\Adri\\Repos\\LS2-protube\\frontend\\src\\components\\pages\\home.tsx": {"path":"C:\\Users\\Adri\\Repos\\LS2-protube\\frontend\\src\\components\\pages\\home.tsx","statementMap":{"0":{"start":{"line":8,"column":0},"end":{"line":8,"column":16}},"1":{"start":{"line":2,"column":0},"end":{"line":2,"column":52}},"2":{"start":{"line":3,"column":0},"end":{"line":3,"column":51}},"3":{"start":{"line":4,"column":0},"end":{"line":4,"column":52}},"4":{"start":{"line":6,"column":0},"end":{"line":6,"column":62}},"5":{"start":{"line":9,"column":51},"end":{"line":9,"column":65}},"6":{"start":{"line":11,"column":2},"end":{"line":11,"column":37}},"7":{"start":{"line":13,"column":2},"end":{"line":22,"column":3}},"8":{"start":{"line":14,"column":4},"end":{"line":21,"column":6}},"9":{"start":{"line":24,"column":2},"end":{"line":33,"column":3}},"10":{"start":{"line":25,"column":4},"end":{"line":32,"column":6}},"11":{"start":{"line":35,"column":2},"end":{"line":45,"column":4}},"12":{"start":{"line":39,"column":20},"end":{"line":40,"column":62}},"13":{"start":{"line":39,"column":62},"end":{"line":39,"column":103}},"14":{"start":{"line":41,"column":10},"end":{"line":41,"column":74}}},"fnMap":{"0":{"name":"Home","decl":{"start":{"line":8,"column":16},"end":{"line":8,"column":20}},"loc":{"start":{"line":8,"column":20},"end":{"line":46,"column":1}}},"1":{"name":"(anonymous_1)","decl":{"start":{"line":38,"column":20},"end":{"line":38,"column":21}},"loc":{"start":{"line":38,"column":37},"end":{"line":42,"column":9}}},"2":{"name":"(anonymous_2)","decl":{"start":{"line":39,"column":36},"end":{"line":39,"column":37}},"loc":{"start":{"line":39,"column":62},"end":{"line":39,"column":103}}}},"branchMap":{"0":{"loc":{"start":{"line":13,"column":2},"end":{"line":22,"column":3}},"type":"if","locations":[{"start":{"line":13,"column":2},"end":{"line":22,"column":3}}]},"1":{"loc":{"start":{"line":24,"column":2},"end":{"line":33,"column":3}},"type":"if","locations":[{"start":{"line":24,"column":2},"end":{"line":33,"column":3}}]},"2":{"loc":{"start":{"line":39,"column":20},"end":{"line":40,"column":62}},"type":"cond-expr","locations":[{"start":{"line":39,"column":104},"end":{"line":39,"column":null}},{"start":{"line":40,"column":18},"end":{"line":40,"column":62}}]},"3":{"loc":{"start":{"line":39,"column":20},"end":{"line":39,"column":null}},"type":"binary-expr","locations":[{"start":{"line":39,"column":20},"end":{"line":39,"column":null}},{"start":{"line":39,"column":104},"end":{"line":39,"column":null}}]}},"s":{"0":1,"1":1,"2":1,"3":1,"4":1,"5":5,"6":5,"7":5,"8":1,"9":4,"10":1,"11":3,"12":4,"13":6,"14":4},"f":{"0":5,"1":4,"2":6},"b":{"0":[1],"1":[1],"2":[4,0],"3":[4,4]}}
,"C:\\Users\\Adri\\Repos\\LS2-protube\\frontend\\src\\components\\pages\\search-page.tsx": {"path":"C:\\Users\\Adri\\Repos\\LS2-protube\\frontend\\src\\components\\pages\\search-page.tsx","statementMap":{"0":{"start":{"line":9,"column":0},"end":{"line":9,"column":16}},"1":{"start":{"line":2,"column":0},"end":{"line":2,"column":52}},"2":{"start":{"line":3,"column":0},"end":{"line":3,"column":54}},"3":{"start":{"line":4,"column":0},"end":{"line":4,"column":52}},"4":{"start":{"line":6,"column":0},"end":{"line":6,"column":62}},"5":{"start":{"line":7,"column":0},"end":{"line":7,"column":47}},"6":{"start":{"line":10,"column":25},"end":{"line":10,"column":42}},"7":{"start":{"line":11,"column":16},"end":{"line":11,"column":52}},"8":{"start":{"line":13,"column":51},"end":{"line":13,"column":73}},"9":{"start":{"line":15,"column":2},"end":{"line":15,"column":79}},"10":{"start":{"line":17,"column":2},"end":{"line":25,"column":3}},"11":{"start":{"line":18,"column":4},"end":{"line":24,"column":6}},"12":{"start":{"line":27,"column":2},"end":{"line":36,"column":3}},"13":{"start":{"line":28,"column":4},"end":{"line":35,"column":6}},"14":{"start":{"line":38,"column":2},"end":{"line":47,"column":3}},"15":{"start":{"line":39,"column":4},"end":{"line":46,"column":6}},"16":{"start":{"line":49,"column":2},"end":{"line":57,"column":3}},"17":{"start":{"line":50,"column":4},"end":{"line":56,"column":6}},"18":{"start":{"line":59,"column":2},"end":{"line":69,"column":4}},"19":{"start":{"line":63,"column":20},"end":{"line":64,"column":62}},"20":{"start":{"line":63,"column":62},"end":{"line":63,"column":103}},"21":{"start":{"line":65,"column":10},"end":{"line":65,"column":74}}},"fnMap":{"0":{"name":"SearchPage","decl":{"start":{"line":9,"column":16},"end":{"line":9,"column":26}},"loc":{"start":{"line":9,"column":26},"end":{"line":70,"column":1}}},"1":{"name":"(anonymous_1)","decl":{"start":{"line":62,"column":20},"end":{"line":62,"column":21}},"loc":{"start":{"line":62,"column":37},"end":{"line":66,"column":9}}},"2":{"name":"(anonymous_2)","decl":{"start":{"line":63,"column":36},"end":{"line":63,"column":37}},"loc":{"start":{"line":63,"column":62},"end":{"line":63,"column":103}}}},"branchMap":{"0":{"loc":{"start":{"line":11,"column":17},"end":{"line":11,"column":44}},"type":"cond-expr","locations":[{"start":{"line":11,"column":38},"end":{"line":11,"column":42}},{"start":{"line":11,"column":42},"end":{"line":11,"column":44}}]},"1":{"loc":{"start":{"line":11,"column":17},"end":{"line":11,"column":42}},"type":"binary-expr","locations":[{"start":{"line":11,"column":17},"end":{"line":11,"column":42}},{"start":{"line":11,"column":38},"end":{"line":11,"column":42}}]},"2":{"loc":{"start":{"line":15,"column":19},"end":{"line":15,"column":77}},"type":"cond-expr","locations":[{"start":{"line":15,"column":27},"end":{"line":15,"column":56}},{"start":{"line":15,"column":59},"end":{"line":15,"column":77}}]},"3":{"loc":{"start":{"line":17,"column":2},"end":{"line":25,"column":3}},"type":"if","locations":[{"start":{"line":17,"column":2},"end":{"line":25,"column":3}}]},"4":{"loc":{"start":{"line":27,"column":2},"end":{"line":36,"column":3}},"type":"if","locations":[{"start":{"line":27,"column":2},"end":{"line":36,"column":3}}]},"5":{"loc":{"start":{"line":38,"column":2},"end":{"line":47,"column":3}},"type":"if","locations":[{"start":{"line":38,"column":2},"end":{"line":47,"column":3}}]},"6":{"loc":{"start":{"line":49,"column":2},"end":{"line":57,"column":3}},"type":"if","locations":[{"start":{"line":49,"column":2},"end":{"line":57,"column":3}}]},"7":{"loc":{"start":{"line":49,"column":6},"end":{"line":49,"column":50}},"type":"binary-expr","locations":[{"start":{"line":49,"column":6},"end":{"line":49,"column":27}},{"start":{"line":49,"column":31},"end":{"line":49,"column":50}}]},"8":{"loc":{"start":{"line":63,"column":20},"end":{"line":64,"column":62}},"type":"cond-expr","locations":[{"start":{"line":63,"column":104},"end":{"line":63,"column":null}},{"start":{"line":64,"column":18},"end":{"line":64,"column":62}}]},"9":{"loc":{"start":{"line":63,"column":20},"end":{"line":63,"column":null}},"type":"binary-expr","locations":[{"start":{"line":63,"column":20},"end":{"line":63,"column":null}},{"start":{"line":63,"column":104},"end":{"line":63,"column":null}}]}},"s":{"0":1,"1":1,"2":1,"3":1,"4":1,"5":1,"6":12,"7":12,"8":12,"9":12,"10":12,"11":4,"12":8,"13":1,"14":7,"15":1,"16":6,"17":1,"18":5,"19":9,"20":12,"21":9},"f":{"0":12,"1":9,"2":12},"b":{"0":[10,2],"1":[12,10],"2":[8,4],"3":[4],"4":[1],"5":[1],"6":[1],"7":[6,6],"8":[8,1],"9":[9,9]}}
,"C:\\Users\\Adri\\Repos\\LS2-protube\\frontend\\src\\components\\pages\\upload.tsx": {"path":"C:\\Users\\Adri\\Repos\\LS2-protube\\frontend\\src\\components\\pages\\upload.tsx","statementMap":{"0":{"start":{"line":8,"column":0},"end":{"line":8,"column":16}},"1":{"start":{"line":1,"column":0},"end":{"line":1,"column":67}},"2":{"start":{"line":2,"column":0},"end":{"line":2,"column":43}},"3":{"start":{"line":3,"column":0},"end":{"line":3,"column":52}},"4":{"start":{"line":4,"column":0},"end":{"line":4,"column":48}},"5":{"start":{"line":5,"column":0},"end":{"line":5,"column":53}},"6":{"start":{"line":6,"column":0},"end":{"line":6,"column":62}},"7":{"start":{"line":9,"column":26},"end":{"line":9,"column":53}},"8":{"start":{"line":10,"column":28},"end":{"line":10,"column":40}},"9":{"start":{"line":11,"column":40},"end":{"line":11,"column":52}},"10":{"start":{"line":12,"column":28},"end":{"line":12,"column":57}},"11":{"start":{"line":13,"column":19},"end":{"line":13,"column":32}},"12":{"start":{"line":14,"column":25},"end":{"line":14,"column":41}},"13":{"start":{"line":16,"column":2},"end":{"line":16,"column":45}},"14":{"start":{"line":18,"column":27},"end":{"line":25,"column":3}},"15":{"start":{"line":19,"column":14},"end":{"line":19,"column":45}},"16":{"start":{"line":20,"column":4},"end":{"line":20,"column":15}},"17":{"start":{"line":21,"column":4},"end":{"line":24,"column":5}},"18":{"start":{"line":22,"column":19},"end":{"line":22,"column":50}},"19":{"start":{"line":23,"column":6},"end":{"line":23,"column":21}},"20":{"start":{"line":27,"column":23},"end":{"line":56,"column":4}},"21":{"start":{"line":27,"column":50},"end":{"line":56,"column":4}},"22":{"start":{"line":28,"column":4},"end":{"line":28,"column":27}},"23":{"start":{"line":29,"column":4},"end":{"line":29,"column":19}},"24":{"start":{"line":31,"column":4},"end":{"line":34,"column":5}},"25":{"start":{"line":32,"column":6},"end":{"line":32,"column":56}},"26":{"start":{"line":33,"column":6},"end":{"line":33,"column":13}},"27":{"start":{"line":36,"column":4},"end":{"line":39,"column":5}},"28":{"start":{"line":37,"column":6},"end":{"line":37,"column":53}},"29":{"start":{"line":38,"column":6},"end":{"line":38,"column":13}},"30":{"start":{"line":41,"column":4},"end":{"line":55,"column":5}},"31":{"start":{"line":42,"column":21},"end":{"line":46,"column":8}},"32":{"start":{"line":48,"column":6},"end":{"line":52,"column":7}},"33":{"start":{"line":49,"column":8},"end":{"line":49,"column":40}},"34":{"start":{"line":51,"column":8},"end":{"line":51,"column":22}},"35":{"start":{"line":54,"column":6},"end":{"line":54,"column":65}},"36":{"start":{"line":58,"column":22},"end":{"line":58,"column":46}},"37":{"start":{"line":60,"column":2},"end":{"line":135,"column":4}},"38":{"start":{"line":94,"column":37},"end":{"line":94,"column":61}},"39":{"start":{"line":104,"column":37},"end":{"line":104,"column":67}},"40":{"start":{"line":122,"column":31},"end":{"line":122,"column":43}}},"fnMap":{"0":{"name":"UploadPage","decl":{"start":{"line":8,"column":16},"end":{"line":8,"column":26}},"loc":{"start":{"line":8,"column":26},"end":{"line":136,"column":1}}},"1":{"name":"(anonymous_8)","decl":{"start":{"line":18,"column":27},"end":{"line":18,"column":28}},"loc":{"start":{"line":18,"column":68},"end":{"line":25,"column":3}}},"2":{"name":"(anonymous_9)","decl":{"start":{"line":27,"column":23},"end":{"line":27,"column":30}},"loc":{"start":{"line":27,"column":50},"end":{"line":56,"column":4}}},"3":{"name":"(anonymous_10)","decl":{"start":{"line":27,"column":50},"end":{"line":27,"column":null}},"loc":{"start":{"line":27,"column":50},"end":{"line":56,"column":3}}},"4":{"name":"(anonymous_11)","decl":{"start":{"line":94,"column":30},"end":{"line":94,"column":31}},"loc":{"start":{"line":94,"column":37},"end":{"line":94,"column":61}}},"5":{"name":"(anonymous_12)","decl":{"start":{"line":104,"column":30},"end":{"line":104,"column":31}},"loc":{"start":{"line":104,"column":37},"end":{"line":104,"column":67}}},"6":{"name":"(anonymous_13)","decl":{"start":{"line":122,"column":25},"end":{"line":122,"column":28}},"loc":{"start":{"line":122,"column":31},"end":{"line":122,"column":43}}}},"branchMap":{"0":{"loc":{"start":{"line":19,"column":14},"end":{"line":19,"column":45}},"type":"cond-expr","locations":[{"start":{"line":19,"column":37},"end":{"line":19,"column":41}},{"start":{"line":19,"column":41},"end":{"line":19,"column":45}}]},"1":{"loc":{"start":{"line":19,"column":14},"end":{"line":19,"column":41}},"type":"binary-expr","locations":[{"start":{"line":19,"column":14},"end":{"line":19,"column":41}},{"start":{"line":19,"column":37},"end":{"line":19,"column":41}}]},"2":{"loc":{"start":{"line":19,"column":14},"end":{"line":19,"column":37}},"type":"cond-expr","locations":[{"start":{"line":19,"column":32},"end":{"line":19,"column":35}},{"start":{"line":19,"column":32},"end":{"line":19,"column":37}}]},"3":{"loc":{"start":{"line":19,"column":14},"end":{"line":19,"column":35}},"type":"binary-expr","locations":[{"start":{"line":19,"column":14},"end":{"line":19,"column":35}},{"start":{"line":19,"column":32},"end":{"line":19,"column":35}}]},"4":{"loc":{"start":{"line":21,"column":4},"end":{"line":24,"column":5}},"type":"if","locations":[{"start":{"line":21,"column":4},"end":{"line":24,"column":5}}]},"5":{"loc":{"start":{"line":21,"column":8},"end":{"line":21,"column":19}},"type":"binary-expr","locations":[{"start":{"line":21,"column":8},"end":{"line":21,"column":9}},{"start":{"line":21,"column":13},"end":{"line":21,"column":19}}]},"6":{"loc":{"start":{"line":31,"column":4},"end":{"line":34,"column":5}},"type":"if","locations":[{"start":{"line":31,"column":4},"end":{"line":34,"column":5}}]},"7":{"loc":{"start":{"line":36,"column":4},"end":{"line":39,"column":5}},"type":"if","locations":[{"start":{"line":36,"column":4},"end":{"line":39,"column":5}}]},"8":{"loc":{"start":{"line":48,"column":6},"end":{"line":52,"column":7}},"type":"if","locations":[{"start":{"line":48,"column":6},"end":{"line":52,"column":7}},{"start":{"line":50,"column":13},"end":{"line":52,"column":7}}]},"9":{"loc":{"start":{"line":48,"column":10},"end":{"line":48,"column":20}},"type":"cond-expr","locations":[{"start":{"line":48,"column":16},"end":{"line":48,"column":18}},{"start":{"line":48,"column":10},"end":{"line":48,"column":20}}]},"10":{"loc":{"start":{"line":48,"column":10},"end":{"line":48,"column":18}},"type":"binary-expr","locations":[{"start":{"line":48,"column":10},"end":{"line":48,"column":18}},{"start":{"line":48,"column":10},"end":{"line":48,"column":18}}]},"11":{"loc":{"start":{"line":77,"column":19},"end":{"line":77,"column":63}},"type":"cond-expr","locations":[{"start":{"line":77,"column":26},"end":{"line":77,"column":35}},{"start":{"line":77,"column":38},"end":{"line":77,"column":63}}]},"12":{"loc":{"start":{"line":112,"column":13},"end":{"line":115,"column":null}},"type":"binary-expr","locations":[{"start":{"line":112,"column":13},"end":{"line":112,"column":18}},{"start":{"line":113,"column":14},"end":{"line":114,"column":null}}]},"13":{"loc":{"start":{"line":127,"column":46},"end":{"line":127,"column":66}},"type":"binary-expr","locations":[{"start":{"line":127,"column":46},"end":{"line":127,"column":57}},{"start":{"line":127,"column":61},"end":{"line":127,"column":66}}]},"14":{"loc":{"start":{"line":128,"column":17},"end":{"line":128,"column":56}},"type":"cond-expr","locations":[{"start":{"line":128,"column":31},"end":{"line":128,"column":45}},{"start":{"line":128,"column":48},"end":{"line":128,"column":56}}]}},"s":{"0":1,"1":1,"2":1,"3":1,"4":1,"5":1,"6":1,"7":0,"8":0,"9":0,"10":0,"11":0,"12":0,"13":0,"14":0,"15":0,"16":0,"17":0,"18":0,"19":0,"20":0,"21":0,"22":0,"23":0,"24":0,"25":0,"26":0,"27":0,"28":0,"29":0,"30":0,"31":0,"32":0,"33":0,"34":0,"35":0,"36":0,"37":0,"38":0,"39":0,"40":0},"f":{"0":0,"1":0,"2":0,"3":0,"4":0,"5":0,"6":0},"b":{"0":[0,0],"1":[0,0],"2":[0,0],"3":[0,0],"4":[0],"5":[0,0],"6":[0],"7":[0],"8":[0,0],"9":[0,0],"10":[0,0],"11":[0,0],"12":[0,0],"13":[0,0],"14":[0,0]}}
,"C:\\Users\\Adri\\Repos\\LS2-protube\\frontend\\src\\components\\pages\\video-page.tsx": {"path":"C:\\Users\\Adri\\Repos\\LS2-protube\\frontend\\src\\components\\pages\\video-page.tsx","statementMap":{"0":{"start":{"line":15,"column":0},"end":{"line":15,"column":16}},"1":{"start":{"line":1,"column":0},"end":{"line":1,"column":41}},"2":{"start":{"line":2,"column":0},"end":{"line":2,"column":42}},"3":{"start":{"line":3,"column":0},"end":{"line":3,"column":49}},"4":{"start":{"line":4,"column":0},"end":{"line":4,"column":66}},"5":{"start":{"line":5,"column":0},"end":{"line":5,"column":61}},"6":{"start":{"line":6,"column":0},"end":{"line":6,"column":51}},"7":{"start":{"line":7,"column":0},"end":{"line":7,"column":62}},"8":{"start":{"line":8,"column":0},"end":{"line":8,"column":68}},"9":{"start":{"line":9,"column":0},"end":{"line":9,"column":72}},"10":{"start":{"line":10,"column":0},"end":{"line":10,"column":70}},"11":{"start":{"line":11,"column":0},"end":{"line":11,"column":70}},"12":{"start":{"line":12,"column":0},"end":{"line":12,"column":34}},"13":{"start":{"line":13,"column":0},"end":{"line":13,"column":62}},"14":{"start":{"line":16,"column":17},"end":{"line":16,"column":28}},"15":{"start":{"line":18,"column":37},"end":{"line":21,"column":4}},"16":{"start":{"line":20,"column":19},"end":{"line":20,"column":40}},"17":{"start":{"line":23,"column":31},"end":{"line":23,"column":81}},"18":{"start":{"line":25,"column":2},"end":{"line":25,"column":48}},"19":{"start":{"line":27,"column":54},"end":{"line":27,"column":68}},"20":{"start":{"line":29,"column":20},"end":{"line":29,"column":67}},"21":{"start":{"line":31,"column":2},"end":{"line":33,"column":11}},"22":{"start":{"line":32,"column":4},"end":{"line":32,"column":32}},"23":{"start":{"line":35,"column":2},"end":{"line":72,"column":4}}},"fnMap":{"0":{"name":"VideoPage","decl":{"start":{"line":15,"column":16},"end":{"line":15,"column":25}},"loc":{"start":{"line":15,"column":25},"end":{"line":73,"column":1}}},"1":{"name":"(anonymous_1)","decl":{"start":{"line":20,"column":13},"end":{"line":20,"column":16}},"loc":{"start":{"line":20,"column":19},"end":{"line":20,"column":40}}},"2":{"name":"(anonymous_2)","decl":{"start":{"line":31,"column":12},"end":{"line":31,"column":15}},"loc":{"start":{"line":31,"column":17},"end":{"line":33,"column":3}}}},"branchMap":{"0":{"loc":{"start":{"line":23,"column":31},"end":{"line":23,"column":81}},"type":"cond-expr","locations":[{"start":{"line":23,"column":31},"end":{"line":23,"column":35}},{"start":{"line":23,"column":39},"end":{"line":23,"column":81}}]},"1":{"loc":{"start":{"line":23,"column":31},"end":{"line":23,"column":39}},"type":"binary-expr","locations":[{"start":{"line":23,"column":31},"end":{"line":23,"column":39}},{"start":{"line":23,"column":31},"end":{"line":23,"column":39}}]},"2":{"loc":{"start":{"line":25,"column":32},"end":{"line":25,"column":44}},"type":"cond-expr","locations":[{"start":{"line":25,"column":37},"end":{"line":25,"column":39}},{"start":{"line":25,"column":32},"end":{"line":25,"column":44}}]},"3":{"loc":{"start":{"line":25,"column":32},"end":{"line":25,"column":39}},"type":"binary-expr","locations":[{"start":{"line":25,"column":32},"end":{"line":25,"column":39}},{"start":{"line":25,"column":32},"end":{"line":25,"column":39}}]},"4":{"loc":{"start":{"line":29,"column":20},"end":{"line":29,"column":67}},"type":"cond-expr","locations":[{"start":{"line":29,"column":28},"end":{"line":29,"column":55}},{"start":{"line":29,"column":58},"end":{"line":29,"column":67}}]},"5":{"loc":{"start":{"line":40,"column":13},"end":{"line":43,"column":null}},"type":"binary-expr","locations":[{"start":{"line":40,"column":13},"end":{"line":40,"column":22}},{"start":{"line":41,"column":14},"end":{"line":42,"column":null}}]},"6":{"loc":{"start":{"line":42,"column":42},"end":{"line":42,"column":54}},"type":"cond-expr","locations":[{"start":{"line":42,"column":47},"end":{"line":42,"column":49}},{"start":{"line":42,"column":42},"end":{"line":42,"column":54}}]},"7":{"loc":{"start":{"line":42,"column":42},"end":{"line":42,"column":49}},"type":"binary-expr","locations":[{"start":{"line":42,"column":42},"end":{"line":42,"column":49}},{"start":{"line":42,"column":42},"end":{"line":42,"column":49}}]},"8":{"loc":{"start":{"line":45,"column":80},"end":{"line":45,"column":116}},"type":"cond-expr","locations":[{"start":{"line":45,"column":85},"end":{"line":45,"column":107}},{"start":{"line":45,"column":80},"end":{"line":45,"column":116}}]},"9":{"loc":{"start":{"line":45,"column":80},"end":{"line":45,"column":107}},"type":"binary-expr","locations":[{"start":{"line":45,"column":80},"end":{"line":45,"column":109}},{"start":{"line":45,"column":80},"end":{"line":45,"column":107}}]},"10":{"loc":{"start":{"line":46,"column":13},"end":{"line":47,"column":null}},"type":"binary-expr","locations":[{"start":{"line":46,"column":13},"end":{"line":46,"column":18}},{"start":{"line":47,"column":14},"end":{"line":47,"column":86}}]},"11":{"loc":{"start":{"line":49,"column":40},"end":{"line":49,"column":53}},"type":"cond-expr","locations":[{"start":{"line":49,"column":45},"end":{"line":49,"column":47}},{"start":{"line":49,"column":40},"end":{"line":49,"column":53}}]},"12":{"loc":{"start":{"line":49,"column":40},"end":{"line":49,"column":47}},"type":"binary-expr","locations":[{"start":{"line":49,"column":40},"end":{"line":49,"column":47}},{"start":{"line":49,"column":40},"end":{"line":49,"column":47}}]},"13":{"loc":{"start":{"line":50,"column":43},"end":{"line":50,"column":61}},"type":"cond-expr","locations":[{"start":{"line":50,"column":48},"end":{"line":50,"column":50}},{"start":{"line":50,"column":43},"end":{"line":50,"column":61}}]},"14":{"loc":{"start":{"line":50,"column":43},"end":{"line":50,"column":50}},"type":"binary-expr","locations":[{"start":{"line":50,"column":43},"end":{"line":50,"column":50}},{"start":{"line":50,"column":43},"end":{"line":50,"column":50}}]},"15":{"loc":{"start":{"line":55,"column":13},"end":{"line":66,"column":null}},"type":"cond-expr","locations":[{"start":{"line":56,"column":14},"end":{"line":57,"column":null}},{"start":{"line":60,"column":14},"end":{"line":65,"column":null}}]}},"s":{"0":1,"1":1,"2":1,"3":1,"4":1,"5":1,"6":1,"7":1,"8":1,"9":1,"10":1,"11":1,"12":1,"13":1,"14":4,"15":4,"16":3,"17":4,"18":4,"19":4,"20":4,"21":4,"22":3,"23":4},"f":{"0":4,"1":3,"2":3},"b":{"0":[1,3],"1":[4,4],"2":[3,1],"3":[4,4],"4":[1,3],"5":[4,1],"6":[0,1],"7":[1,1],"8":[4,0],"9":[4,0],"10":[4,1],"11":[3,1],"12":[4,4],"13":[3,1],"14":[4,4],"15":[0,4]}}
,"C:\\Users\\Adri\\Repos\\LS2-protube\\frontend\\src\\components\\ui\\button.tsx": {"path":"C:\\Users\\Adri\\Repos\\LS2-protube\\frontend\\src\\components\\ui\\button.tsx","statementMap":{"0":{"start":{"line":60,"column":9},"end":{"line":60,"column":15}},"1":{"start":{"line":1,"column":0},"end":{"line":1,"column":31}},"2":{"start":{"line":2,"column":0},"end":{"line":2,"column":44}},"3":{"start":{"line":3,"column":0},"end":{"line":3,"column":66}},"4":{"start":{"line":5,"column":0},"end":{"line":5,"column":33}},"5":{"start":{"line":7,"column":23},"end":{"line":36,"column":null}},"6":{"start":{"line":60,"column":17},"end":{"line":60,"column":31}},"7":{"start":{"line":43,"column":17},"end":{"line":43,"column":null}},"8":{"start":{"line":44,"column":10},"end":{"line":45,"column":null}},"9":{"start":{"line":49,"column":15},"end":{"line":49,"column":40}},"10":{"start":{"line":51,"column":2},"end":{"line":57,"column":4}}},"fnMap":{"0":{"name":"Button","decl":{"start":{"line":39,"column":9},"end":{"line":39,"column":15}},"loc":{"start":{"line":48,"column":3},"end":{"line":58,"column":1}}}},"branchMap":{"0":{"loc":{"start":{"line":43,"column":2},"end":{"line":43,"column":17}},"type":"default-arg","locations":[{"start":{"line":43,"column":12},"end":{"line":43,"column":17}}]},"1":{"loc":{"start":{"line":49,"column":15},"end":{"line":49,"column":40}},"type":"cond-expr","locations":[{"start":{"line":49,"column":25},"end":{"line":49,"column":29}},{"start":{"line":49,"column":32},"end":{"line":49,"column":40}}]}},"s":{"0":10,"1":10,"2":10,"3":10,"4":10,"5":10,"6":10,"7":190,"8":190,"9":190,"10":190},"f":{"0":190},"b":{"0":[189],"1":[1,189]}}
,"C:\\Users\\Adri\\Repos\\LS2-protube\\frontend\\src\\components\\ui\\dropdown-menu.tsx": {"path":"C:\\Users\\Adri\\Repos\\LS2-protube\\frontend\\src\\components\\ui\\dropdown-menu.tsx","statementMap":{"0":{"start":{"line":240,"column":2},"end":{"line":240,"column":14}},"1":{"start":{"line":241,"column":2},"end":{"line":241,"column":20}},"2":{"start":{"line":242,"column":2},"end":{"line":242,"column":21}},"3":{"start":{"line":243,"column":2},"end":{"line":243,"column":21}},"4":{"start":{"line":244,"column":2},"end":{"line":244,"column":19}},"5":{"start":{"line":245,"column":2},"end":{"line":245,"column":19}},"6":{"start":{"line":246,"column":2},"end":{"line":246,"column":18}},"7":{"start":{"line":247,"column":2},"end":{"line":247,"column":26}},"8":{"start":{"line":248,"column":2},"end":{"line":248,"column":24}},"9":{"start":{"line":249,"column":2},"end":{"line":249,"column":23}},"10":{"start":{"line":250,"column":2},"end":{"line":250,"column":23}},"11":{"start":{"line":251,"column":2},"end":{"line":251,"column":22}},"12":{"start":{"line":252,"column":2},"end":{"line":252,"column":17}},"13":{"start":{"line":253,"column":2},"end":{"line":253,"column":24}},"14":{"start":{"line":254,"column":2},"end":{"line":254,"column":24}},"15":{"start":{"line":1,"column":0},"end":{"line":1,"column":31}},"16":{"start":{"line":2,"column":0},"end":{"line":2,"column":71}},"17":{"start":{"line":3,"column":0},"end":{"line":3,"column":71}},"18":{"start":{"line":5,"column":0},"end":{"line":5,"column":33}},"19":{"start":{"line":8,"column":10},"end":{"line":9,"column":58}},"20":{"start":{"line":10,"column":2},"end":{"line":10,"column":77}},"21":{"start":{"line":14,"column":10},"end":{"line":15,"column":60}},"22":{"start":{"line":16,"column":2},"end":{"line":18,"column":4}},"23":{"start":{"line":22,"column":10},"end":{"line":23,"column":61}},"24":{"start":{"line":24,"column":2},"end":{"line":29,"column":4}},"25":{"start":{"line":34,"column":16},"end":{"line":34,"column":null}},"26":{"start":{"line":35,"column":10},"end":{"line":36,"column":61}},"27":{"start":{"line":37,"column":2},"end":{"line":49,"column":4}},"28":{"start":{"line":53,"column":10},"end":{"line":54,"column":59}},"29":{"start":{"line":55,"column":2},"end":{"line":57,"column":4}},"30":{"start":{"line":63,"column":21},"end":{"line":63,"column":null}},"31":{"start":{"line":64,"column":10},"end":{"line":65,"column":null}},"32":{"start":{"line":69,"column":2},"end":{"line":80,"column":4}},"33":{"start":{"line":86,"column":9},"end":{"line":86,"column":null}},"34":{"start":{"line":87,"column":10},"end":{"line":88,"column":66}},"35":{"start":{"line":89,"column":2},"end":{"line":106,"column":4}},"36":{"start":{"line":110,"column":10},"end":{"line":111,"column":64}},"37":{"start":{"line":112,"column":2},"end":{"line":117,"column":4}},"38":{"start":{"line":122,"column":10},"end":{"line":122,"column":null}},"39":{"start":{"line":123,"column":10},"end":{"line":124,"column":63}},"40":{"start":{"line":125,"column":2},"end":{"line":141,"column":4}},"41":{"start":{"line":146,"column":7},"end":{"line":146,"column":null}},"42":{"start":{"line":147,"column":10},"end":{"line":148,"column":null}},"43":{"start":{"line":151,"column":2},"end":{"line":161,"column":4}},"44":{"start":{"line":165,"column":11},"end":{"line":165,"column":null}},"45":{"start":{"line":166,"column":10},"end":{"line":167,"column":63}},"46":{"start":{"line":168,"column":2},"end":{"line":174,"column":4}},"47":{"start":{"line":178,"column":11},"end":{"line":178,"column":null}},"48":{"start":{"line":179,"column":10},"end":{"line":180,"column":31}},"49":{"start":{"line":181,"column":2},"end":{"line":190,"column":4}},"50":{"start":{"line":194,"column":10},"end":{"line":195,"column":57}},"51":{"start":{"line":196,"column":2},"end":{"line":196,"column":80}},"52":{"start":{"line":202,"column":10},"end":{"line":202,"column":null}},"53":{"start":{"line":203,"column":10},"end":{"line":204,"column":null}},"54":{"start":{"line":207,"column":2},"end":{"line":220,"column":4}},"55":{"start":{"line":224,"column":11},"end":{"line":224,"column":null}},"56":{"start":{"line":225,"column":10},"end":{"line":226,"column":64}},"57":{"start":{"line":227,"column":2},"end":{"line":236,"column":4}}},"fnMap":{"0":{"name":"DropdownMenu","decl":{"start":{"line":7,"column":9},"end":{"line":7,"column":21}},"loc":{"start":{"line":9,"column":58},"end":{"line":11,"column":1}}},"1":{"name":"DropdownMenuPortal","decl":{"start":{"line":13,"column":9},"end":{"line":13,"column":27}},"loc":{"start":{"line":15,"column":60},"end":{"line":19,"column":1}}},"2":{"name":"DropdownMenuTrigger","decl":{"start":{"line":21,"column":9},"end":{"line":21,"column":28}},"loc":{"start":{"line":23,"column":61},"end":{"line":30,"column":1}}},"3":{"name":"DropdownMenuContent","decl":{"start":{"line":32,"column":9},"end":{"line":32,"column":28}},"loc":{"start":{"line":36,"column":61},"end":{"line":50,"column":1}}},"4":{"name":"DropdownMenuGroup","decl":{"start":{"line":52,"column":9},"end":{"line":52,"column":26}},"loc":{"start":{"line":54,"column":59},"end":{"line":58,"column":1}}},"5":{"name":"DropdownMenuItem","decl":{"start":{"line":60,"column":9},"end":{"line":60,"column":25}},"loc":{"start":{"line":68,"column":1},"end":{"line":81,"column":1}}},"6":{"name":"DropdownMenuCheckboxItem","decl":{"start":{"line":83,"column":9},"end":{"line":83,"column":33}},"loc":{"start":{"line":88,"column":66},"end":{"line":107,"column":1}}},"7":{"name":"DropdownMenuRadioGroup","decl":{"start":{"line":109,"column":9},"end":{"line":109,"column":31}},"loc":{"start":{"line":111,"column":64},"end":{"line":118,"column":1}}},"8":{"name":"DropdownMenuRadioItem","decl":{"start":{"line":120,"column":9},"end":{"line":120,"column":30}},"loc":{"start":{"line":124,"column":63},"end":{"line":142,"column":1}}},"9":{"name":"DropdownMenuLabel","decl":{"start":{"line":144,"column":9},"end":{"line":144,"column":26}},"loc":{"start":{"line":150,"column":1},"end":{"line":162,"column":1}}},"10":{"name":"DropdownMenuSeparator","decl":{"start":{"line":164,"column":9},"end":{"line":164,"column":30}},"loc":{"start":{"line":167,"column":63},"end":{"line":175,"column":1}}},"11":{"name":"DropdownMenuShortcut","decl":{"start":{"line":177,"column":9},"end":{"line":177,"column":29}},"loc":{"start":{"line":180,"column":31},"end":{"line":191,"column":1}}},"12":{"name":"DropdownMenuSub","decl":{"start":{"line":193,"column":9},"end":{"line":193,"column":24}},"loc":{"start":{"line":195,"column":57},"end":{"line":197,"column":1}}},"13":{"name":"DropdownMenuSubTrigger","decl":{"start":{"line":199,"column":9},"end":{"line":199,"column":31}},"loc":{"start":{"line":206,"column":1},"end":{"line":221,"column":1}}},"14":{"name":"DropdownMenuSubContent","decl":{"start":{"line":223,"column":9},"end":{"line":223,"column":31}},"loc":{"start":{"line":226,"column":64},"end":{"line":237,"column":1}}}},"branchMap":{"0":{"loc":{"start":{"line":34,"column":2},"end":{"line":34,"column":16}},"type":"default-arg","locations":[{"start":{"line":3
[...]
start":{"line":78,"column":10},"end":{"line":78,"column":20}},"type":"cond-expr","locations":[{"start":{"line":78,"column":14},"end":{"line":78,"column":16}},{"start":{"line":78,"column":10},"end":{"line":78,"column":20}}]},"21":{"loc":{"start":{"line":78,"column":10},"end":{"line":78,"column":16}},"type":"binary-expr","locations":[{"start":{"line":78,"column":10},"end":{"line":78,"column":16}},{"start":{"line":78,"column":10},"end":{"line":78,"column":16}}]},"22":{"loc":{"start":{"line":79,"column":12},"end":{"line":79,"column":30}},"type":"cond-expr","locations":[{"start":{"line":79,"column":24},"end":{"line":79,"column":28}},{"start":{"line":79,"column":28},"end":{"line":79,"column":30}}]},"23":{"loc":{"start":{"line":79,"column":12},"end":{"line":79,"column":28}},"type":"binary-expr","locations":[{"start":{"line":79,"column":12},"end":{"line":79,"column":28}},{"start":{"line":79,"column":24},"end":{"line":79,"column":28}}]},"24":{"loc":{"start":{"line":79,"column":12},"end":{"line":79,"column":24}},"type":"cond-expr","locations":[{"start":{"line":79,"column":16},"end":{"line":79,"column":18}},{"start":{"line":79,"column":12},"end":{"line":79,"column":24}}]},"25":{"loc":{"start":{"line":79,"column":12},"end":{"line":79,"column":18}},"type":"binary-expr","locations":[{"start":{"line":79,"column":12},"end":{"line":79,"column":18}},{"start":{"line":79,"column":12},"end":{"line":79,"column":18}}]},"26":{"loc":{"start":{"line":80,"column":16},"end":{"line":80,"column":38}},"type":"cond-expr","locations":[{"start":{"line":80,"column":32},"end":{"line":80,"column":36}},{"start":{"line":80,"column":36},"end":{"line":80,"column":38}}]},"27":{"loc":{"start":{"line":80,"column":16},"end":{"line":80,"column":36}},"type":"binary-expr","locations":[{"start":{"line":80,"column":16},"end":{"line":80,"column":36}},{"start":{"line":80,"column":32},"end":{"line":80,"column":36}}]},"28":{"loc":{"start":{"line":80,"column":16},"end":{"line":80,"column":32}},"type":"cond-expr","locations":[{"start":{"line":80,"column":20},"end":{"line":80,"column":22}},{"start":{"line":80,"column":16},"end":{"line":80,"column":32}}]},"29":{"loc":{"start":{"line":80,"column":16},"end":{"line":80,"column":22}},"type":"binary-expr","locations":[{"start":{"line":80,"column":16},"end":{"line":80,"column":22}},{"start":{"line":80,"column":16},"end":{"line":80,"column":22}}]},"30":{"loc":{"start":{"line":104,"column":32},"end":{"line":112,"column":18}},"type":"cond-expr","locations":[{"start":{"line":105,"column":6},"end":{"line":105,"column":12}},{"start":{"line":106,"column":6},"end":{"line":112,"column":18}}]},"31":{"loc":{"start":{"line":106,"column":6},"end":{"line":112,"column":18}},"type":"cond-expr","locations":[{"start":{"line":107,"column":8},"end":{"line":107,"column":17}},{"start":{"line":108,"column":8},"end":{"line":112,"column":18}}]},"32":{"loc":{"start":{"line":108,"column":8},"end":{"line":112,"column":18}},"type":"cond-expr","locations":[{"start":{"line":109,"column":10},"end":{"line":109,"column":17}},{"start":{"line":110,"column":10},"end":{"line":112,"column":18}}]},"33":{"loc":{"start":{"line":110,"column":10},"end":{"line":112,"column":18}},"type":"cond-expr","locations":[{"start":{"line":111,"column":12},"end":{"line":111,"column":21}},{"start":{"line":112,"column":12},"end":{"line":112,"column":18}}]},"34":{"loc":{"start":{"line":114,"column":18},"end":{"line":120,"column":12}},"type":"cond-expr","locations":[{"start":{"line":115,"column":6},"end":{"line":115,"column":33}},{"start":{"line":116,"column":6},"end":{"line":120,"column":12}}]},"35":{"loc":{"start":{"line":116,"column":6},"end":{"line":120,"column":12}},"type":"cond-expr","locations":[{"start":{"line":117,"column":8},"end":{"line":117,"column":49}},{"start":{"line":118,"column":8},"end":{"line":120,"column":12}}]},"36":{"loc":{"start":{"line":118,"column":8},"end":{"line":120,"column":12}},"type":"cond-expr","locations":[{"start":{"line":119,"column":10},"end":{"line":119,"column":22}},{"start":{"line":120,"column":10},"end":{"line":120,"column":12}}]},"37":{"loc":{"start":{"line":122,"column":19},"end":{"line":122,"column":37}},"type":"cond-expr","locations":[{"start":{"line":122,"column":31},"end":{"line":122,"column":35}},{"start":{"line":122,"column":35},"end":{"line":122,"column":37}}]},"38":{"loc":{"start":{"line":122,"column":19},"end":{"line":122,"column":35}},"type":"binary-expr","locations":[{"start":{"line":122,"column":19},"end":{"line":122,"column":35}},{"start":{"line":122,"column":31},"end":{"line":122,"column":35}}]},"39":{"loc":{"start":{"line":122,"column":19},"end":{"line":122,"column":31}},"type":"cond-expr","locations":[{"start":{"line":122,"column":23},"end":{"line":122,"column":25}},{"start":{"line":122,"column":19},"end":{"line":122,"column":31}}]},"40":{"loc":{"start":{"line":122,"column":19},"end":{"line":122,"column":25}},"type":"binary-expr","locations":[{"start":{"line":122,"column":19},"end":{"line":122,"column":25}},{"start":{"line":122,"column":19},"end":{"line":122,"column":25}}]},"41":{"loc":{"start":{"line":122,"column":51},"end":{"line":122,"column":73}},"type":"cond-expr","locations":[{"start":{"line":122,"column":67},"end":{"line":122,"column":71}},{"start":{"line":122,"column":71},"end":{"line":122,"column":73}}]},"42":{"loc":{"start":{"line":122,"column":51},"end":{"line":122,"column":71}},"type":"binary-expr","locations":[{"start":{"line":122,"column":51},"end":{"line":122,"column":71}},{"start":{"line":122,"column":67},"end":{"line":122,"column":71}}]},"43":{"loc":{"start":{"line":122,"column":51},"end":{"line":122,"column":67}},"type":"cond-expr","locations":[{"start":{"line":122,"column":55},"end":{"line":122,"column":57}},{"start":{"line":122,"column":51},"end":{"line":122,"column":67}}]},"44":{"loc":{"start":{"line":122,"column":51},"end":{"line":122,"column":57}},"type":"binary-expr","locations":[{"start":{"line":122,"column":51},"end":{"line":122,"column":57}},{"start":{"line":122,"column":51},"end":{"line":122,"column":57}}]},"45":{"loc":{"start":{"line":146,"column":10},"end":{"line":146,"column":22}},"type":"cond-expr","locations":[{"start":{"line":146,"column":10},"end":{"line":146,"column":14}},{"start":{"line":146,"column":18},"end":{"line":146,"column":22}}]},"46":{"loc":{"start":{"line":146,"column":10},"end":{"line":146,"column":18}},"type":"binary-expr","locations":[{"start":{"line":146,"column":10},"end":{"line":146,"column":18}},{"start":{"line":146,"column":10},"end":{"line":146,"column":18}}]}},"s":{"0":3,"1":3,"2":3,"3":3,"4":3,"5":3,"6":3,"7":4,"8":2,"9":2,"10":1,"11":4,"12":4,"13":4,"14":5,"15":2,"16":2,"17":1,"18":2,"19":1,"20":1,"21":1,"22":2,"23":1,"24":5,"25":5,"26":5,"27":6,"28":6,"29":2,"30":2,"31":1,"32":1,"33":1,"34":1,"35":1,"36":1,"37":6,"38":6,"39":6,"40":0,"41":0,"42":0,"43":0,"44":0,"45":0,"46":0,"47":0,"48":0},"f":{"0":4,"1":2,"2":2,"3":5,"4":2,"5":2,"6":2,"7":1,"8":2,"9":6,"10":2,"11":2,"12":1,"13":1,"14":0,"15":0,"16":0,"17":0,"18":0,"19":0},"b":{"0":[2,2],"1":[1,1],"2":[1,0],"3":[1,3],"4":[2,1],"5":[1,3],"6":[4,4],"7":[3,1],"8":[4,4],"9":[1,3],"10":[4,4],"11":[3,1],"12":[4,4],"13":[2,3],"14":[1,2],"15":[1,1],"16":[1,4],"17":[2,2],"18":[1,4],"19":[5,5],"20":[4,1],"21":[5,5],"22":[1,4],"23":[5,5],"24":[4,1],"25":[5,5],"26":[1,4],"27":[5,5],"28":[4,1],"29":[5,5],"30":[2,4],"31":[2,2],"32":[1,1],"33":[1,0],"34":[2,4],"35":[1,3],"36":[2,1],"37":[1,5],"38":[6,6],"39":[5,1],"40":[6,6],"41":[1,5],"42":[6,6],"43":[5,1],"44":[6,6],"45":[0,0],"46":[0,0]}}
,"C:\\Users\\Adri\\Repos\\LS2-protube\\frontend\\src\\lib\\utils.ts": {"path":"C:\\Users\\Adri\\Repos\\LS2-protube\\frontend\\src\\lib\\utils.ts","statementMap":{"0":{"start":{"line":4,"column":0},"end":{"line":4,"column":16}},"1":{"start":{"line":1,"column":0},"end":{"line":1,"column":45}},"2":{"start":{"line":2,"column":0},"end":{"line":2,"column":41}},"3":{"start":{"line":5,"column":2},"end":{"line":5,"column":31}}},"fnMap":{"0":{"name":"cn","decl":{"start":{"line":4,"column":16},"end":{"line":4,"column":18}},"loc":{"start":{"line":4,"column":42},"end":{"line":6,"column":1}}}},"branchMap":{},"s":{"0":13,"1":13,"2":13,"3":343},"f":{"0":343},"b":{}}
,"C:\\Users\\Adri\\Repos\\LS2-protube\\frontend\\src\\utils\\api.ts": {"path":"C:\\Users\\Adri\\Repos\\LS2-protube\\frontend\\src\\utils\\api.ts","statementMap":{"0":{"start":{"line":1,"column":0},"end":{"line":1,"column":63}},"1":{"start":{"line":2,"column":0},"end":{"line":2,"column":31}},"2":{"start":{"line":5,"column":18},"end":{"line":5,"column":33}},"3":{"start":{"line":6,"column":25},"end":{"line":6,"column":33}},"4":{"start":{"line":8,"column":13},"end":{"line":10,"column":3}},"5":{"start":{"line":12,"column":30},"end":{"line":17,"column":1}},"6":{"start":{"line":13,"column":2},"end":{"line":15,"column":3}},"7":{"start":{"line":14,"column":4},"end":{"line":14,"column":46}},"8":{"start":{"line":16,"column":2},"end":{"line":16,"column":51}},"9":{"start":{"line":12,"column":13},"end":{"line":12,"column":30}},"10":{"start":{"line":19,"column":0},"end":{"line":27,"column":3}},"11":{"start":{"line":20,"column":2},"end":{"line":25,"column":3}},"12":{"start":{"line":21,"column":18},"end":{"line":21,"column":56}},"13":{"start":{"line":22,"column":4},"end":{"line":24,"column":5}},"14":{"start":{"line":23,"column":6},"end":{"line":23,"column":55}},"15":{"start":{"line":26,"column":2},"end":{"line":26,"column":16}},"16":{"start":{"line":29,"column":0},"end":{"line":40,"column":2}},"17":{"start":{"line":30,"column":16},"end":{"line":30,"column":24}},"18":{"start":{"line":32,"column":4},"end":{"line":37,"column":5}},"19":{"start":{"line":33,"column":21},"end":{"line":33,"column":43}},"20":{"start":{"line":34,"column":6},"end":{"line":36,"column":7}},"21":{"start":{"line":35,"column":8},"end":{"line":35,"column":25}},"22":{"start":{"line":38,"column":4},"end":{"line":38,"column":33}},"23":{"start":{"line":42,"column":24},"end":{"line":45,"column":2}},"24":{"start":{"line":42,"column":45},"end":{"line":45,"column":2}},"25":{"start":{"line":43,"column":19},"end":{"line":43,"column":56}},"26":{"start":{"line":44,"column":2},"end":{"line":44,"column":23}},"27":{"start":{"line":42,"column":13},"end":{"line":42,"column":24}},"28":{"start":{"line":47,"column":32},"end":{"line":51,"column":2}},"29":{"start":{"line":47,"column":53},"end":{"line":51,"column":2}},"30":{"start":{"line":48,"column":19},"end":{"line":48,"column":56}},"31":{"start":{"line":49,"column":28},"end":{"line":49,"column":44}},"32":{"start":{"line":50,"column":2},"end":{"line":50,"column":64}},"33":{"start":{"line":47,"column":13},"end":{"line":47,"column":32}},"34":{"start":{"line":58,"column":29},"end":{"line":61,"column":2}},"35":{"start":{"line":58,"column":40},"end":{"line":61,"column":2}},"36":{"start":{"line":59,"column":19},"end":{"line":59,"column":67}},"37":{"start":{"line":60,"column":2},"end":{"line":60,"column":23}},"38":{"start":{"line":58,"column":13},"end":{"line":58,"column":29}},"39":{"start":{"line":63,"column":28},"end":{"line":65,"column":1}},"40":{"start":{"line":64,"column":2},"end":{"line":64,"column":59}},"41":{"start":{"line":63,"column":13},"end":{"line":63,"column":28}},"42":{"start":{"line":67,"column":33},"end":{"line":69,"column":1}},"43":{"start":{"line":68,"column":2},"end":{"line":68,"column":56}},"44":{"start":{"line":67,"column":13},"end":{"line":67,"column":33}},"45":{"start":{"line":77,"column":27},"end":{"line":99,"column":2}},"46":{"start":{"line":77,"column":86},"end":{"line":99,"column":2}},"47":{"start":{"line":78,"column":19},"end":{"line":78,"column":33}},"48":{"start":{"line":79,"column":2},"end":{"line":79,"column":43}},"49":{"start":{"line":80,"column":2},"end":{"line":80,"column":45}},"50":{"start":{"line":80,"column":13},"end":{"line":80,"column":45}},"51":{"start":{"line":81,"column":2},"end":{"line":81,"column":63}},"52":{"start":{"line":81,"column":19},"end":{"line":81,"column":63}},"53":{"start":{"line":82,"column":16},"end":{"line":82,"column":60}},"54":{"start":{"line":83,"column":31},"end":{"line":83,"column":33}},"55":{"start":{"line":84,"column":2},"end":{"line":86,"column":3}},"56":{"start":{"line":85,"column":4},"end":{"line":85,"column":49}},"57":{"start":{"line":88,"column":19},"end":{"line":92,"column":4}},"58":{"start":{"line":94,"column":2},"end":{"line":96,"column":3}},"59":{"start":{"line":95,"column":4},"end":{"line":95,"column":57}},"60":{"start":{"line":98,"column":2},"end":{"line":98,"column":43}},"61":{"start":{"line":77,"column":13},"end":{"line":77,"column":27}}},"fnMap":{"0":{"name":"(anonymous_8)","decl":{"start":{"line":12,"column":30},"end":{"line":12,"column":33}},"loc":{"start":{"line":12,"column":35},"end":{"line":17,"column":1}}},"1":{"name":"(anonymous_9)","decl":{"start":{"line":19,"column":29},"end":{"line":19,"column":30}},"loc":{"start":{"line":19,"column":68},"end":{"line":27,"column":1}}},"2":{"name":"(anonymous_10)","decl":{"start":{"line":30,"column":2},"end":{"line":30,"column":3}},"loc":{"start":{"line":30,"column":16},"end":{"line":30,"column":24}}},"3":{"name":"(anonymous_11)","decl":{"start":{"line":31,"column":2},"end":{"line":31,"column":3}},"loc":{"start":{"line":31,"column":12},"end":{"line":39,"column":3}}},"4":{"name":"(anonymous_12)","decl":{"start":{"line":42,"column":24},"end":{"line":42,"column":31}},"loc":{"start":{"line":42,"column":45},"end":{"line":45,"column":2}}},"5":{"name":"(anonymous_13)","decl":{"start":{"line":42,"column":45},"end":{"line":42,"column":null}},"loc":{"start":{"line":42,"column":45},"end":{"line":45,"column":1}}},"6":{"name":"(anonymous_14)","decl":{"start":{"line":47,"column":32},"end":{"line":47,"column":39}},"loc":{"start":{"line":47,"column":53},"end":{"line":51,"column":2}}},"7":{"name":"(anonymous_15)","decl":{"start":{"line":47,"column":53},"end":{"line":47,"column":null}},"loc":{"start":{"line":47,"column":53},"end":{"line":51,"column":1}}},"8":{"name":"(anonymous_16)","decl":{"start":{"line":58,"column":29},"end":{"line":58,"column":38}},"loc":{"start":{"line":58,"column":40},"end":{"line":61,"column":2}}},"9":{"name":"(anonymous_17)","decl":{"start":{"line":58,"column":40},"end":{"line":58,"column":null}},"loc":{"start":{"line":58,"column":40},"end":{"line":61,"column":1}}},"10":{"name":"(anonymous_18)","decl":{"start":{"line":63,"column":28},"end":{"line":63,"column":29}},"loc":{"start":{"line":63,"column":52},"end":{"line":65,"column":1}}},"11":{"name":"(anonymous_19)","decl":{"start":{"line":67,"column":33},"end":{"line":67,"column":34}},"loc":{"start":{"line":67,"column":57},"end":{"line":69,"column":1}}},"12":{"name":"(anonymous_20)","decl":{"start":{"line":77,"column":27},"end":{"line":77,"column":34}},"loc":{"start":{"line":77,"column":86},"end":{"line":99,"column":2}}},"13":{"name":"(anonymous_21)","decl":{"start":{"line":77,"column":86},"end":{"line":77,"column":null}},"loc":{"start":{"line":77,"column":82},"end":{"line":99,"column":1}}}},"branchMap":{"0":{"loc":{"start":{"line":13,"column":2},"end":{"line":15,"column":3}},"type":"if","locations":[{"start":{"line":13,"column":2},"end":{"line":15,"column":3}}]},"1":{"loc":{"start":{"line":20,"column":2},"end":{"line":25,"column":3}},"type":"if","locations":[{"start":{"line":20,"column":2},"end":{"line":25,"column":3}}]},"2":{"loc":{"start":{"line":22,"column":4},"end":{"line":24,"column":5}},"type":"if","locations":[{"start":{"line":22,"column":4},"end":{"line":24,"column":5}}]},"3":{"loc":{"start":{"line":32,"column":4},"end":{"line":37,"column":5}},"type":"if","locations":[{"start":{"line":32,"column":4},"end":{"line":37,"column":5}}]},"4":{"loc":{"start":{"line":33,"column":21},"end":{"line":33,"column":43}},"type":"cond-expr","locations":[{"start":{"line":33,"column":35},"end":{"line":33,"column":37}},{"start":{"line":33,"column":35},"end":{"line":33,"column":43}}]},"5":{"loc":{"start":{"line":33,"column":21},"end":{"line":33,"column":37}},"type":"binary-expr","locations":[{"start":{"line":33,"column":21},"end":{"line":33,"column":37}},{"start":{"line":33,"column":35},"end":{"line":33,"column":37}}]},"6":{"loc":{"start":{"line":34,"column":6},"end":{"line":36,"column":7}},"type":"if","locations":[{"start":{"line":34,"column":6},"end":{"line":36,"column":7}}]},"7":{"loc":{"start":{"line":34,"column":10},"end":{"line":34,"column":42}},"type":"binary-expr","locations":[{"start":{"line":34,"column":10},"end":{"line":34,"column":24}},{"start":{"line":34,"column":28},"end":{"line":34,"column":42}}]},"8":{"loc":{"start":{"line":80,"column":2},"end":{"line":80,"column":45}},"type":"if","locations":[{"start":{"line":80,"column":2},"end":{"line":80,"column":45}}]},"9":{"loc":{"start":{"line":81,"column":2},"end":{"line":81,"column":63}},"type":"if","locations":[{"start":{"line":81,"column":2},"end":{"line":81,"column":63}}]},"10":{"loc":{"start":{"line":84,"column":2},"end":{"line":86,"column":3}},"type":"if","locations":[{"start":{"line":84,"column":2},"end":{"line":86,"column":3}}]},"11":{"loc":{"start":{"line":94,"column":2},"end":{"line":96,"column":3}},"type":"if","locations":[{"start":{"line":94,"column":2},"end":{"line":96,"column":3}}]}},"s":{"0":0,"1":0,"2":0,"3":0,"4":0,"5":0,"6":0,"7":0,"8":0,"9":0,"10":0,"11":0,"12":0,"13":0,"14":0,"15":0,"16":0,"17":0,"18":0,"19":0,"20":0,"21":0,"22":0,"23":0,"24":0,"25":0,"26":0,"27":0,"28":0,"29":0,"30":0,"31":0,"32":0,"33":0,"34":0,"35":0,"36":0,"37":0,"38":0,"39":0,"40":0,"41":0,"42":0,"43":0,"44":0,"45":0,"46":0,"47":0,"48":0,"49":0,"50":0,"51":0,"52":0,"53":0,"54":0,"55":0,"56":0,"57":0,"58":0,"59":0,"60":0,"61":0},"f":{"0":0,"1":0,"2":0,"3":0,"4":0,"5":0,"6":0,"7":0,"8":0,"9":0,"10":0,"11":0,"12":0,"13":0},"b":{"0":[0],"1":[0],"2":[0],"3":[0],"4":[0,0],"5":[0,0],"6":[0],"7":[0,0],"8":[0],"9":[0],"10":[0],"11":[0]}}
,"C:\\Users\\Adri\\Repos\\LS2-protube\\frontend\\src\\utils\\meta.ts": {"path":"C:\\Users\\Adri\\Repos\\LS2-protube\\frontend\\src\\utils\\meta.ts","statementMap":{"0":{"start":{"line":1,"column":0},"end":{"line":1,"column":16}},"1":{"start":{"line":5,"column":0},"end":{"line":5,"column":16}},"2":{"start":{"line":15,"column":0},"end":{"line":15,"column":16}},"3":{"start":{"line":2,"column":2},"end":{"line":2,"column":25}},"4":{"start":{"line":6,"column":11},"end":{"line":6,"column":83}},"5":{"start":{"line":7,"column":2},"end":{"line":11,"column":3}},"6":{"start":{"line":8,"column":4},"end":{"line":8,"column":40}},"7":{"start":{"line":9,"column":4},"end":{"line":9,"column":34}},"8":{"start":{"line":10,"column":4},"end":{"line":10,"column":34}},"9":{"start":{"line":12,"column":2},"end":{"line":12,"column":38}},"10":{"start":{"line":16,"column":11},"end":{"line":16,"column":91}},"11":{"start":{"line":17,"column":2},"end":{"line":21,"column":3}},"12":{"start":{"line":18,"column":4},"end":{"line":18,"column":40}},"13":{"start":{"line":19,"column":4},"end":{"line":19,"column":42}},"14":{"start":{"line":20,"column":4},"end":{"line":20,"column":34}},"15":{"start":{"line":22,"column":2},"end":{"line":22,"column":38}}},"fnMap":{"0":{"name":"setDocumentTitle","decl":{"start":{"line":1,"column":16},"end":{"line":1,"column":32}},"loc":{"start":{"line":1,"column":46},"end":{"line":3,"column":1}}},"1":{"name":"setMeta","decl":{"start":{"line":5,"column":16},"end":{"line":5,"column":23}},"loc":{"start":{"line":5,"column":53},"end":{"line":13,"column":1}}},"2":{"name":"setMetaProperty","decl":{"start":{"line":15,"column":16},"end":{"line":15,"column":31}},"loc":{"start":{"line":15,"column":65},"end":{"line":23,"column":1}}}},"branchMap":{"0":{"loc":{"start":{"line":7,"column":2},"end":{"line":11,"column":3}},"type":"if","locations":[{"start":{"line":7,"column":2},"end":{"line":11,"column":3}}]},"1":{"loc":{"start":{"line":17,"column":2},"end":{"line":21,"column":3}},"type":"if","locations":[{"start":{"line":17,"column":2},"end":{"line":21,"column":3}}]}},"s":{"0":1,"1":1,"2":1,"3":1,"4":3,"5":3,"6":2,"7":2,"8":2,"9":3,"10":3,"11":3,"12":2,"13":2,"14":2,"15":3},"f":{"0":1,"1":3,"2":3},"b":{"0":[2],"1":[2]}}
}
