TN:
SF:src\App.tsx
FN:12,App
FNF:1
FNH:1
FNDA:2,App
DA:1,1
DA:2,1
DA:3,1
DA:4,1
DA:5,1
DA:6,1
DA:7,1
DA:8,1
DA:10,1
DA:13,2
DA:29,1
LF:11
LH:11
BRF:0
BRH:0
end_of_record
TN:
SF:src\components\mode-toggle.tsx
FN:6,ModeToggle
FN:10,(anonymous_1)
FNF:2
FNH:2
FNDA:4,ModeToggle
FNDA:2,(anonymous_1)
DA:1,4
DA:3,4
DA:4,4
DA:6,4
DA:7,4
DA:9,4
DA:10,2
LF:7
LH:7
BRDA:10,0,0,1
BRDA:10,0,1,1
BRF:2
BRH:2
end_of_record
TN:
SF:src\components\search-bar.tsx
FN:5,SearchBar
FN:9,(anonymous_1)
FN:26,(anonymous_2)
FNF:3
FNH:3
FNDA:18,SearchBar
FNDA:3,(anonymous_1)
FNDA:3,(anonymous_2)
DA:1,4
DA:2,4
DA:3,4
DA:5,4
DA:6,18
DA:7,18
DA:9,18
DA:10,3
DA:11,3
DA:12,3
DA:13,2
DA:16,18
DA:26,3
LF:13
LH:13
BRDA:12,0,0,1
BRF:1
BRH:1
end_of_record
TN:
SF:src\components\theme-provider.tsx
FN:18,(anonymous_1)
FN:23,ThemeProvider
FN:30,(anonymous_3)
FN:33,(anonymous_4)
FN:53,(anonymous_5)
FN:67,useTheme
FNF:6
FNH:0
FNDA:0,(anonymous_1)
FNDA:0,ThemeProvider
FNDA:0,(anonymous_3)
FNDA:0,(anonymous_4)
FNDA:0,(anonymous_5)
FNDA:0,useTheme
DA:1,4
DA:16,4
DA:18,0
DA:21,4
DA:23,4
DA:26,0
DA:27,0
DA:29,0
DA:30,0
DA:33,0
DA:34,0
DA:36,0
DA:38,0
DA:39,0
DA:44,0
DA:45,0
DA:48,0
DA:51,0
DA:54,0
DA:55,0
DA:59,0
DA:67,4
DA:68,0
DA:70,0
DA:71,0
DA:73,0
LF:26
LH:5
BRDA:25,0,0,0
BRDA:26,1,0,0
BRDA:30,2,0,0
BRDA:30,2,1,0
BRDA:38,3,0,0
BRDA:39,4,0,0
BRDA:39,4,1,0
BRDA:70,5,0,0
BRF:8
BRH:0
end_of_record
TN:
SF:src\components\user-button.tsx
FN:19,UserButton
FN:20,(anonymous_1)
FN:27,(anonymous_2)
FN:37,(anonymous_3)
FN:51,(anonymous_4)
FN:54,(anonymous_5)
FN:58,(anonymous_6)
FN:85,(anonymous_7)
FN:95,(anonymous_8)
FNF:9
FNH:5
FNDA:17,UserButton
FNDA:14,(anonymous_1)
FNDA:14,(anonymous_2)
FNDA:2,(anonymous_3)
FNDA:14,(anonymous_4)
FNDA:0,(anonymous_5)
FNDA:0,(anonymous_6)
FNDA:0,(anonymous_7)
FNDA:0,(anonymous_8)
DA:1,4
DA:2,4
DA:3,4
DA:5,4
DA:6,4
DA:14,4
DA:15,4
DA:17,4
DA:19,4
DA:20,17
DA:21,14
DA:24,17
DA:25,17
DA:27,17
DA:28,14
DA:29,14
DA:30,0
DA:31,0
DA:33,14
DA:34,14
DA:37,14
DA:38,2
DA:39,2
DA:40,2
DA:41,1
DA:42,1
DA:44,1
DA:45,1
DA:50,14
DA:51,14
DA:54,17
DA:55,0
DA:58,17
DA:59,0
DA:60,0
DA:61,0
DA:62,0
DA:65,17
DA:86,0
DA:87,0
DA:96,0
DA:97,0
LF:42
LH:31
BRDA:21,0,0,14
BRDA:21,0,1,14
BRDA:29,1,0,0
BRDA:29,1,1,14
BRDA:38,2,0,2
BRDA:40,3,0,1
BRDA:40,3,1,1
BRDA:75,4,0,1
BRDA:75,4,1,16
BRDA:83,5,0,1
BRDA:83,5,1,16
BRF:11
BRH:10
end_of_record
TN:
SF:src\components\video-card.tsx
FN:14,VideoCard
FN:27,(anonymous_1)
FN:29,(anonymous_2)
FN:34,(anonymous_3)
FN:38,(anonymous_4)
FN:70,(anonymous_5)
FN:82,(anonymous_6)
FNF:7
FNH:1
FNDA:15,VideoCard
FNDA:0,(anonymous_1)
FNDA:0,(anonymous_2)
FNDA:0,(anonymous_3)
FNDA:0,(anonymous_4)
FNDA:0,(anonymous_5)
FNDA:0,(anonymous_6)
DA:3,3
DA:4,3
DA:5,3
DA:6,3
DA:12,3
DA:14,3
DA:15,15
DA:18,15
DA:19,15
DA:20,15
DA:21,15
DA:22,15
DA:23,15
DA:28,0
DA:29,0
DA:30,0
DA:31,0
DA:32,0
DA:33,0
DA:34,0
DA:39,0
DA:40,0
DA:41,0
DA:43,0
DA:44,0
DA:45,0
DA:46,0
DA:47,0
DA:70,0
DA:82,0
LF:30
LH:13
BRDA:18,0,0,15
BRDA:18,0,1,3
BRDA:28,1,0,0
BRDA:32,2,0,0
BRDA:39,3,0,0
BRDA:45,4,0,0
BRDA:55,5,0,0
BRDA:55,5,1,15
BRF:8
BRH:3
end_of_record
TN:
SF:src\components\layout\layout.tsx
FN:13,Layout
FN:15,(anonymous_1)
FN:16,(anonymous_2)
FN:29,(anonymous_3)
FNF:4
FNH:3
FNDA:10,Layout
FNDA:9,(anonymous_1)
FNDA:0,(anonymous_2)
FNDA:9,(anonymous_3)
DA:2,3
DA:3,3
DA:5,3
DA:6,3
DA:7,3
DA:13,3
DA:14,10
DA:15,10
DA:16,9
DA:17,0
DA:18,0
DA:19,0
DA:21,0
DA:22,0
DA:24,0
DA:28,9
DA:29,9
DA:32,10
LF:18
LH:12
BRDA:21,0,0,0
BRDA:21,0,1,0
BRDA:37,1,0,0
BRDA:37,1,1,10
BRF:4
BRH:1
end_of_record
TN:
SF:src\components\pages\auth.tsx
FN:17,AuthPage
FN:33,(anonymous_9)
FN:33,(anonymous_10)
FN:100,(anonymous_11)
FN:111,(anonymous_12)
FN:128,(anonymous_13)
FN:140,(anonymous_14)
FN:153,(anonymous_15)
FNF:8
FNH:0
FNDA:0,AuthPage
FNDA:0,(anonymous_9)
FNDA:0,(anonymous_10)
FNDA:0,(anonymous_11)
FNDA:0,(anonymous_12)
FNDA:0,(anonymous_13)
FNDA:0,(anonymous_14)
FNDA:0,(anonymous_15)
DA:1,0
DA:2,0
DA:3,0
DA:5,0
DA:6,0
DA:7,0
DA:8,0
DA:9,0
DA:17,0
DA:18,0
DA:19,0
DA:20,0
DA:21,0
DA:22,0
DA:23,0
DA:25,0
DA:26,0
DA:28,0
DA:30,0
DA:31,0
DA:33,0
DA:34,0
DA:35,0
DA:37,0
DA:38,0
DA:39,0
DA:42,0
DA:43,0
DA:44,0
DA:47,0
DA:48,0
DA:49,0
DA:50,0
DA:55,0
DA:56,0
DA:57,0
DA:58,0
DA:61,0
DA:62,0
DA:64,0
DA:65,0
DA:66,0
DA:67,0
DA:68,0
DA:70,0
DA:73,0
DA:76,0
DA:80,0
DA:100,0
DA:111,0
DA:128,0
DA:140,0
DA:153,0
LF:53
LH:0
BRDA:28,0,0,0
BRDA:28,0,1,0
BRDA:37,1,0,0
BRDA:37,2,0,0
BRDA:37,2,1,0
BRDA:42,3,0,0
BRDA:42,4,0,0
BRDA:42,4,1,0
BRDA:49,5,0,0
BRDA:49,5,1,0
BRDA:56,6,0,0
BRDA:61,7,0,0
BRDA:61,7,1,0
BRDA:61,8,0,0
BRDA:61,8,1,0
BRDA:61,9,0,0
BRDA:61,9,1,0
BRDA:61,10,0,0
BRDA:61,10,1,0
BRDA:64,11,0,0
BRDA:64,11,1,0
BRDA:65,12,0,0
BRDA:65,12,1,0
BRDA:65,13,0,0
BRDA:65,13,1,0
BRDA:65,14,0,0
BRDA:65,14,1,0
BRDA:67,15,0,0
BRDA:67,15,1,0
BRDA:67,16,0,0
BRDA:67,16,1,0
BRDA:67,17,0,0
BRDA:67,17,1,0
BRDA:87,18,0,0
BRDA:87,18,1,0
BRDA:95,19,0,0
BRDA:95,19,1,0
BRDA:102,20,0,0
BRDA:102,20,1,0
BRDA:113,21,0,0
BRDA:113,21,1,0
BRDA:143,22,0,0
BRDA:143,22,1,0
BRDA:147,23,0,0
BRDA:147,23,1,0
BRDA:161,24,0,0
BRDA:161,24,1,0
BRDA:169,25,0,0
BRDA:169,25,1,0
BRDA:174,26,0,0
BRDA:174,26,1,0
BRDA:175,27,0,0
BRDA:175,27,1,0
BRDA:178,28,0,0
BRDA:178,28,1,0
BRF:55
BRH:0
end_of_record
TN:
SF:src\components\pages\channel-page.tsx
FN:10,ChannelPage
FN:79,(anonymous_1)
FN:80,(anonymous_2)
FNF:3
FNH:3
FNDA:6,ChannelPage
FNDA:3,(anonymous_1)
FNDA:1,(anonymous_2)
DA:1,1
DA:2,1
DA:3,1
DA:4,1
DA:5,1
DA:8,1
DA:10,1
DA:11,6
DA:12,6
DA:14,6
DA:16,6
DA:17,1
DA:27,5
DA:28,1
DA:38,4
DA:39,1
DA:49,3
DA:80,3
DA:82,3
LF:19
LH:19
BRDA:12,0,0,6
BRDA:12,0,1,0
BRDA:14,1,0,3
BRDA:14,1,1,3
BRDA:16,2,0,1
BRDA:27,3,0,1
BRDA:38,4,0,1
BRDA:55,5,0,3
BRDA:55,5,1,0
BRDA:63,6,0,1
BRDA:63,6,1,2
BRDA:71,7,0,1
BRDA:71,7,1,2
BRDA:80,8,0,1
BRDA:80,8,1,2
BRDA:80,9,0,3
BRDA:80,9,1,3
BRF:17
BRH:15
end_of_record
TN:
SF:src\components\pages\home.tsx
FN:8,Home
FN:38,(anonymous_1)
FN:39,(anonymous_2)
FNF:3
FNH:3
FNDA:5,Home
FNDA:4,(anonymous_1)
FNDA:6,(anonymous_2)
DA:2,1
DA:3,1
DA:4,1
DA:6,1
DA:8,1
DA:9,5
DA:11,5
DA:13,5
DA:14,1
DA:24,4
DA:25,1
DA:35,3
DA:39,6
DA:41,4
LF:14
LH:14
BRDA:13,0,0,1
BRDA:24,1,0,1
BRDA:39,2,0,4
BRDA:39,2,1,0
BRDA:39,3,0,4
BRDA:39,3,1,4
BRF:6
BRH:5
end_of_record
TN:
SF:src\components\pages\search-page.tsx
FN:9,SearchPage
FN:62,(anonymous_1)
FN:63,(anonymous_2)
FNF:3
FNH:0
FNDA:0,SearchPage
FNDA:0,(anonymous_1)
FNDA:0,(anonymous_2)
DA:2,0
DA:3,0
DA:4,0
DA:6,0
DA:7,0
DA:9,0
DA:10,0
DA:11,0
DA:13,0
DA:15,0
DA:17,0
DA:18,0
DA:27,0
DA:28,0
DA:38,0
DA:39,0
DA:49,0
DA:50,0
DA:59,0
DA:63,0
DA:65,0
LF:21
LH:0
BRDA:11,0,0,0
BRDA:11,0,1,0
BRDA:11,1,0,0
BRDA:11,1,1,0
BRDA:15,2,0,0
BRDA:15,2,1,0
BRDA:17,3,0,0
BRDA:27,4,0,0
BRDA:38,5,0,0
BRDA:49,6,0,0
BRDA:49,7,0,0
BRDA:49,7,1,0
BRDA:63,8,0,0
BRDA:63,8,1,0
BRDA:63,9,0,0
BRDA:63,9,1,0
BRF:16
BRH:0
end_of_record
TN:
SF:src\components\pages\video-page.tsx
FN:15,VideoPage
FN:20,(anonymous_1)
FN:31,(anonymous_2)
FNF:3
FNH:3
FNDA:4,VideoPage
FNDA:3,(anonymous_1)
FNDA:3,(anonymous_2)
DA:1,1
DA:2,1
DA:3,1
DA:4,1
DA:5,1
DA:6,1
DA:7,1
DA:8,1
DA:9,1
DA:10,1
DA:11,1
DA:12,1
DA:13,1
DA:15,1
DA:16,4
DA:18,4
DA:20,3
DA:23,4
DA:25,4
DA:27,4
DA:29,4
DA:31,4
DA:32,3
DA:35,4
LF:24
LH:24
BRDA:23,0,0,1
BRDA:23,0,1,3
BRDA:23,1,0,4
BRDA:23,1,1,4
BRDA:25,2,0,3
BRDA:25,2,1,1
BRDA:25,3,0,4
BRDA:25,3,1,4
BRDA:29,4,0,1
BRDA:29,4,1,3
BRDA:40,5,0,4
BRDA:40,5,1,1
BRDA:42,6,0,0
BRDA:42,6,1,1
BRDA:42,7,0,1
BRDA:42,7,1,1
BRDA:45,8,0,4
BRDA:45,8,1,0
BRDA:45,9,0,4
BRDA:45,9,1,0
BRDA:46,10,0,4
BRDA:46,10,1,1
BRDA:49,11,0,3
BRDA:49,11,1,1
BRDA:49,12,0,4
BRDA:49,12,1,4
BRDA:50,13,0,3
BRDA:50,13,1,1
BRDA:50,14,0,4
BRDA:50,14,1,4
BRDA:55,15,0,0
BRDA:55,15,1,4
BRF:32
BRH:28
end_of_record
TN:
SF:src\components\ui\button.tsx
FN:39,Button
FNF:1
FNH:1
FNDA:134,Button
DA:1,7
DA:2,7
DA:3,7
DA:5,7
DA:7,7
DA:43,134
DA:44,134
DA:49,134
DA:51,134
DA:60,7
LF:10
LH:10
BRDA:43,0,0,134
BRDA:49,1,0,0
BRDA:49,1,1,134
BRF:3
BRH:2
end_of_record
TN:
SF:src\components\ui\dropdown-menu.tsx
FN:7,DropdownMenu
FN:13,DropdownMenuPortal
FN:21,DropdownMenuTrigger
FN:32,DropdownMenuContent
FN:52,DropdownMenuGroup
FN:60,DropdownMenuItem
FN:83,DropdownMenuCheckboxItem
FN:109,DropdownMenuRadioGroup
FN:120,DropdownMenuRadioItem
FN:144,DropdownMenuLabel
FN:164,DropdownMenuSeparator
FN:177,DropdownMenuShortcut
FN:193,DropdownMenuSub
FN:199,DropdownMenuSubTrigger
FN:223,DropdownMenuSubContent
FNF:15
FNH:3
FNDA:16,DropdownMenu
FNDA:0,DropdownMenuPortal
FNDA:16,DropdownMenuTrigger
FNDA:16,DropdownMenuContent
FNDA:0,DropdownMenuGroup
FNDA:0,DropdownMenuItem
FNDA:0,DropdownMenuCheckboxItem
FNDA:0,DropdownMenuRadioGroup
FNDA:0,DropdownMenuRadioItem
FNDA:0,DropdownMenuLabel
FNDA:0,DropdownMenuSeparator
FNDA:0,DropdownMenuShortcut
FNDA:0,DropdownMenuSub
FNDA:0,DropdownMenuSubTrigger
FNDA:0,DropdownMenuSubContent
DA:1,4
DA:2,4
DA:3,4
DA:5,4
DA:8,16
DA:10,16
DA:14,0
DA:16,0
DA:22,16
DA:24,16
DA:34,16
DA:35,16
DA:37,16
DA:53,0
DA:55,0
DA:63,0
DA:64,0
DA:69,0
DA:86,0
DA:87,0
DA:89,0
DA:110,0
DA:112,0
DA:122,0
DA:123,0
DA:125,0
DA:146,0
DA:147,0
DA:151,0
DA:165,0
DA:166,0
DA:168,0
DA:178,0
DA:179,0
DA:181,0
DA:194,0
DA:196,0
DA:202,0
DA:203,0
DA:207,0
DA:224,0
DA:225,0
DA:227,0
DA:240,4
DA:241,4
DA:242,4
DA:243,4
DA:244,4
DA:245,4
DA:246,4
DA:247,4
DA:248,4
DA:249,4
DA:250,4
DA:251,4
DA:252,4
DA:253,4
DA:254,4
LF:58
LH:26
BRDA:34,0,0,16
BRDA:63,1,0,0
BRF:2
BRH:1
end_of_record
TN:
SF:src\components\video\channel-actions.tsx
FN:15,ChannelActions
FNF:1
FNH:1
FNDA:10,ChannelActions
DA:1,2
DA:2,2
DA:15,2
DA:16,10
LF:4
LH:4
BRDA:24,0,0,2
BRDA:24,0,1,8
BRDA:24,1,0,10
BRDA:24,1,1,10
BRF:4
BRH:4
end_of_record
TN:
SF:src\components\video\comments-section.tsx
FN:14,CommentsSection
FN:19,(anonymous_8)
FN:25,(anonymous_9)
FN:29,(anonymous_10)
FN:36,(anonymous_11)
FN:39,(anonymous_12)
FN:39,(anonymous_13)
FN:61,(anonymous_14)
FN:69,(anonymous_15)
FN:90,(anonymous_16)
FN:107,(anonymous_17)
FNF:11
FNH:4
FNDA:5,CommentsSection
FNDA:3,(anonymous_8)
FNDA:3,(anonymous_9)
FNDA:0,(anonymous_10)
FNDA:3,(anonymous_11)
FNDA:0,(anonymous_12)
FNDA:0,(anonymous_13)
FNDA:0,(anonymous_14)
FNDA:0,(anonymous_15)
FNDA:0,(anonymous_16)
FNDA:0,(anonymous_17)
DA:1,1
DA:2,1
DA:4,1
DA:5,1
DA:12,1
DA:14,1
DA:15,5
DA:16,5
DA:18,5
DA:19,5
DA:20,3
DA:23,5
DA:25,5
DA:26,3
DA:27,3
DA:29,3
DA:30,0
DA:31,0
DA:35,3
DA:36,3
DA:39,5
DA:40,0
DA:41,0
DA:45,0
DA:48,5
DA:61,0
DA:69,0
DA:90,0
DA:108,0
LF:29
LH:20
BRDA:20,0,0,3
BRDA:20,0,1,3
BRDA:30,1,0,0
BRDA:40,2,0,0
BRDA:40,3,0,0
BRDA:40,3,1,0
BRDA:40,3,2,0
BRDA:55,4,0,0
BRDA:55,4,1,5
BRDA:70,5,0,0
BRDA:70,5,1,0
BRDA:77,6,0,0
BRDA:77,6,1,0
BRDA:79,7,0,0
BRDA:79,7,1,0
BRDA:90,8,0,0
BRDA:90,8,1,0
BRDA:90,9,0,0
BRDA:90,9,1,0
BRDA:98,10,0,5
BRDA:98,10,1,3
BRDA:101,11,0,5
BRDA:101,11,1,2
BRDA:104,12,0,5
BRDA:104,12,1,0
BRDA:104,12,2,0
BRDA:112,13,0,0
BRDA:112,13,1,0
BRDA:112,14,0,0
BRDA:112,14,1,0
BRDA:114,15,0,0
BRDA:114,15,1,0
BRF:32
BRH:8
end_of_record
TN:
SF:src\components\video\recommended-list.tsx
FN:14,formatDuration
FN:20,RecommendedList
FN:21,(anonymous_2)
FN:24,(anonymous_3)
FN:28,(anonymous_4)
FNF:5
FNH:5
FNDA:26,formatDuration
FNDA:13,RecommendedList
FNDA:31,(anonymous_2)
FNDA:26,(anonymous_3)
FNDA:57,(anonymous_4)
DA:1,2
DA:2,2
DA:3,2
DA:5,2
DA:15,26
DA:16,26
DA:17,26
DA:20,2
DA:21,31
DA:22,13
DA:24,26
DA:28,57
LF:12
LH:12
BRDA:20,0,0,8
BRDA:28,1,0,21
BRDA:28,1,1,5
BRDA:28,2,0,26
BRDA:28,2,1,26
BRDA:28,3,0,5
BRDA:28,3,1,21
BRDA:28,4,0,26
BRDA:28,4,1,26
BRF:9
BRH:9
end_of_record
TN:
SF:src\components\video\video-description.tsx
FN:5,VideoDescription
FNF:1
FNH:1
FNDA:6,VideoDescription
DA:5,2
DA:6,6
DA:7,2
LF:3
LH:3
BRDA:6,0,0,4
BRF:1
BRH:1
end_of_record
TN:
SF:src\components\video\video-player.tsx
FN:14,VideoPlayer
FN:17,(anonymous_1)
FN:22,(anonymous_2)
FN:29,(anonymous_3)
FN:33,(anonymous_4)
FN:39,(anonymous_5)
FN:44,(anonymous_6)
FN:68,(anonymous_7)
FN:69,(anonymous_8)
FN:70,(anonymous_9)
FN:71,(anonymous_10)
FNF:11
FNH:10
FNDA:47,VideoPlayer
FNDA:47,(anonymous_1)
FNDA:47,(anonymous_2)
FNDA:23,(anonymous_3)
FNDA:33,(anonymous_4)
FNDA:0,(anonymous_5)
FNDA:21,(anonymous_6)
FNDA:9,(anonymous_7)
FNDA:1,(anonymous_8)
FNDA:1,(anonymous_9)
FNDA:18,(anonymous_10)
DA:1,2
DA:2,2
DA:11,2
DA:12,2
DA:14,2
DA:15,47
DA:16,47
DA:17,47
DA:18,47
DA:19,47
DA:20,47
DA:22,47
DA:23,47
DA:24,47
DA:25,47
DA:26,47
DA:27,47
DA:28,47
DA:29,47
DA:30,23
DA:33,47
DA:34,33
DA:35,11
DA:36,11
DA:37,11
DA:38,11
DA:39,11
DA:44,47
DA:45,21
DA:46,16
DA:47,16
DA:50,47
DA:68,9
DA:69,1
DA:70,1
DA:72,18
DA:73,18
DA:74,18
DA:75,18
DA:78,18
DA:79,0
DA:80,0
DA:81,0
DA:85,18
DA:86,18
DA:87,18
DA:88,18
DA:90,18
DA:91,18
DA:92,18
LF:50
LH:47
BRDA:19,0,0,0
BRDA:19,0,1,47
BRDA:20,1,0,0
BRDA:20,1,1,47
BRDA:34,2,0,22
BRDA:34,3,0,33
BRDA:34,3,1,11
BRDA:38,4,0,11
BRDA:45,5,0,5
BRDA:52,6,0,42
BRDA:52,6,1,5
BRDA:52,7,0,47
BRDA:52,7,1,43
BRDA:60,8,0,23
BRDA:60,8,1,19
BRDA:60,9,0,42
BRDA:60,9,1,23
BRDA:66,10,0,23
BRDA:66,10,1,19
BRDA:72,11,0,0
BRDA:78,12,0,0
BRDA:78,13,0,18
BRDA:78,13,1,18
BRDA:80,14,0,0
BRDA:85,15,0,18
BRF:25
BRH:20
end_of_record
TN:
SF:src\hooks\comment-hooks.ts
FN:13,useVideoComments
FN:18,(anonymous_8)
FN:18,(anonymous_9)
FN:40,useCreateComment
FN:45,(anonymous_11)
FN:45,(anonymous_12)
FN:54,(anonymous_13)
FNF:7
FNH:7
FNDA:11,useVideoComments
FNDA:5,(anonymous_8)
FNDA:5,(anonymous_9)
FNDA:10,useCreateComment
FNDA:2,(anonymous_11)
FNDA:2,(anonymous_12)
FNDA:1,(anonymous_13)
DA:1,2
DA:3,2
DA:13,2
DA:14,11
DA:15,11
DA:18,5
DA:19,5
DA:20,5
DA:21,4
DA:25,11
DA:35,11
DA:37,11
DA:40,2
DA:41,10
DA:42,10
DA:44,10
DA:45,2
DA:46,2
DA:51,2
DA:52,1
DA:55,1
DA:56,1
LF:22
LH:22
BRDA:25,0,0,2
BRDA:25,0,1,9
BRDA:27,1,0,5
BRDA:27,1,1,4
BRDA:29,2,0,3
BRDA:29,2,1,1
BRDA:31,3,0,1
BRDA:31,3,1,0
BRDA:35,4,0,3
BRDA:35,4,1,8
BRDA:37,5,0,1
BRDA:37,5,1,10
BRDA:37,6,0,11
BRDA:37,6,1,11
BRDA:42,7,0,9
BRDA:42,7,1,1
BRDA:55,8,0,1
BRDA:55,9,0,1
BRDA:55,9,1,1
BRF:19
BRH:18
end_of_record
TN:
SF:src\hooks\use-document-title.ts
FN:3,useDocumentTitle
FN:6,(anonymous_1)
FN:11,(anonymous_2)
FNF:3
FNH:3
FNDA:15,useDocumentTitle
FNDA:15,(anonymous_1)
FNDA:14,(anonymous_2)
DA:1,4
DA:3,4
DA:4,15
DA:6,15
DA:7,15
DA:8,14
DA:9,14
DA:11,14
DA:12,14
LF:9
LH:9
BRDA:4,0,0,15
BRDA:4,0,1,0
BRDA:7,1,0,1
BRF:3
BRH:2
end_of_record
TN:
SF:src\hooks\video-hooks.ts
FN:18,useAllVideos
FN:21,(anonymous_8)
FN:21,(anonymous_9)
FN:49,useChannelData
FN:52,(anonymous_11)
FN:52,(anonymous_12)
FN:59,(anonymous_13)
FN:60,(anonymous_14)
FN:61,(anonymous_15)
FN:86,useSearchVideos
FN:90,(anonymous_17)
FN:90,(anonymous_18)
FN:96,(anonymous_19)
FN:97,(anonymous_20)
FNF:14
FNH:14
FNDA:4,useAllVideos
FNDA:2,(anonymous_8)
FNDA:2,(anonymous_9)
FNDA:5,useChannelData
FNDA:2,(anonymous_11)
FNDA:2,(anonymous_12)
FNDA:2,(anonymous_13)
FNDA:1,(anonymous_14)
FNDA:2,(anonymous_15)
FNDA:6,useSearchVideos
FNDA:2,(anonymous_17)
FNDA:2,(anonymous_18)
FNDA:1,(anonymous_19)
FNDA:1,(anonymous_20)
DA:1,4
DA:2,4
DA:18,4
DA:19,4
DA:21,2
DA:22,2
DA:26,1
DA:30,4
DA:38,4
DA:40,4
DA:49,4
DA:50,5
DA:52,2
DA:53,2
DA:59,2
DA:60,1
DA:61,2
DA:62,1
DA:67,5
DA:75,5
DA:77,5
DA:86,4
DA:87,6
DA:88,6
DA:90,2
DA:91,2
DA:95,1
DA:96,1
DA:97,1
DA:98,1
DA:103,6
DA:113,6
DA:121,6
LF:33
LH:33
BRDA:30,0,0,2
BRDA:30,0,1,2
BRDA:32,1,0,1
BRDA:32,1,1,1
BRDA:34,2,0,1
BRDA:34,2,1,0
BRDA:38,3,0,1
BRDA:38,3,1,3
BRDA:38,4,0,2
BRDA:38,4,1,1
BRDA:40,5,0,1
BRDA:40,5,1,3
BRDA:40,6,0,4
BRDA:40,6,1,4
BRDA:40,7,0,3
BRDA:40,7,1,1
BRDA:40,8,0,4
BRDA:40,8,1,4
BRDA:40,9,0,1
BRDA:40,9,1,3
BRDA:40,10,0,4
BRDA:40,10,1,4
BRDA:40,11,0,3
BRDA:40,11,1,1
BRDA:40,12,0,4
BRDA:40,12,1,4
BRDA:67,13,0,2
BRDA:67,13,1,3
BRDA:69,14,0,1
BRDA:69,14,1,2
BRDA:71,15,0,1
BRDA:71,15,1,1
BRDA:75,16,0,1
BRDA:75,16,1,4
BRDA:75,17,0,2
BRDA:75,17,1,2
BRDA:78,18,0,1
BRDA:78,18,1,4
BRDA:78,19,0,5
BRDA:78,19,1,5
BRDA:78,20,0,4
BRDA:78,20,1,1
BRDA:78,21,0,5
BRDA:78,21,1,5
BRDA:79,22,0,1
BRDA:79,22,1,4
BRDA:79,23,0,5
BRDA:79,23,1,5
BRDA:79,24,0,4
BRDA:79,24,1,1
BRDA:79,25,0,5
BRDA:79,25,1,5
BRDA:80,26,0,1
BRDA:80,26,1,4
BRDA:80,27,0,5
BRDA:80,27,1,5
BRDA:80,28,0,4
BRDA:80,28,1,1
BRDA:80,29,0,5
BRDA:80,29,1,5
BRDA:103,30,0,2
BRDA:103,30,1,4
BRDA:105,31,0,2
BRDA:105,31,1,2
BRDA:107,32,0,1
BRDA:107,32,1,1
BRDA:109,33,0,1
BRDA:109,33,1,0
BRDA:113,34,0,2
BRDA:113,34,1,4
BRDA:115,35,0,1
BRDA:115,35,1,3
BRDA:117,36,0,2
BRDA:117,36,1,1
BRDA:121,37,0,1
BRDA:121,37,1,5
BRDA:121,38,0,6
BRDA:121,38,1,6
BRDA:121,39,0,5
BRDA:121,39,1,1
BRDA:121,40,0,6
BRDA:121,40,1,6
BRDA:121,41,0,1
BRDA:121,41,1,5
BRDA:121,42,0,6
BRDA:121,42,1,6
BRDA:121,43,0,5
BRDA:121,43,1,1
BRDA:121,44,0,6
BRDA:121,44,1,6
BRF:90
BRH:88
end_of_record
TN:
SF:src\lib\utils.ts
FN:4,cn
FNF:1
FNH:1
FNDA:202,cn
DA:1,8
DA:2,8
DA:4,8
DA:5,202
LF:4
LH:4
BRF:0
BRH:0
end_of_record
TN:
SF:src\utils\api.ts
FN:13,(anonymous_8)
FN:23,(anonymous_9)
FN:23,(anonymous_10)
FN:28,(anonymous_11)
FN:28,(anonymous_12)
FN:39,(anonymous_13)
FN:39,(anonymous_14)
FN:44,(anonymous_15)
FN:48,(anonymous_16)
FNF:9
FNH:0
FNDA:0,(anonymous_8)
FNDA:0,(anonymous_9)
FNDA:0,(anonymous_10)
FNDA:0,(anonymous_11)
FNDA:0,(anonymous_12)
FNDA:0,(anonymous_13)
FNDA:0,(anonymous_14)
FNDA:0,(anonymous_15)
FNDA:0,(anonymous_16)
DA:1,0
DA:2,0
DA:5,0
DA:7,0
DA:11,0
DA:13,0
DA:14,0
DA:15,0
DA:16,0
DA:17,0
DA:20,0
DA:23,0
DA:24,0
DA:25,0
DA:28,0
DA:29,0
DA:30,0
DA:31,0
DA:39,0
DA:40,0
DA:41,0
DA:44,0
DA:45,0
DA:48,0
DA:49,0
LF:25
LH:0
BRDA:14,0,0,0
BRDA:16,1,0,0
BRF:2
BRH:0
end_of_record
TN:
SF:src\utils\meta.ts
FN:1,setDocumentTitle
FN:5,setMeta
FN:15,setMetaProperty
FNF:3
FNH:3
FNDA:1,setDocumentTitle
FNDA:3,setMeta
FNDA:3,setMetaProperty
DA:1,1
DA:2,1
DA:5,1
DA:6,3
DA:7,3
DA:8,2
DA:9,2
DA:10,2
DA:12,3
DA:15,1
DA:16,3
DA:17,3
DA:18,2
DA:19,2
DA:20,2
DA:22,3
LF:16
LH:16
BRDA:7,0,0,2
BRDA:17,1,0,2
BRF:2
BRH:2
end_of_record
