TN:
SF:src\App.tsx
FN:13,App
FNF:1
FNH:1
FNDA:2,App
DA:1,1
DA:2,1
DA:3,1
DA:4,1
DA:5,1
DA:6,1
DA:7,1
DA:8,1
DA:9,1
DA:11,1
DA:14,2
DA:32,1
LF:12
LH:12
BRF:0
BRH:0
end_of_record
TN:
SF:src\components\mode-toggle.tsx
FN:6,ModeToggle
FN:10,(anonymous_1)
FNF:2
FNH:2
FNDA:4,ModeToggle
FNDA:2,(anonymous_1)
DA:1,5
DA:3,5
DA:4,5
DA:6,5
DA:7,4
DA:9,4
DA:10,2
LF:7
LH:7
BRDA:10,0,0,1
BRDA:10,0,1,1
BRF:2
BRH:2
end_of_record
TN:
SF:src\components\search-bar.tsx
FN:5,SearchBar
FN:9,(anonymous_1)
FN:26,(anonymous_2)
FNF:3
FNH:3
FNDA:18,SearchBar
FNDA:3,(anonymous_1)
FNDA:3,(anonymous_2)
DA:1,5
DA:2,5
DA:3,5
DA:5,5
DA:6,18
DA:7,18
DA:9,18
DA:10,3
DA:11,3
DA:12,3
DA:13,2
DA:16,18
DA:26,3
LF:13
LH:13
BRDA:12,0,0,1
BRF:1
BRH:1
end_of_record
TN:
SF:src\components\theme-provider.tsx
FN:18,(anonymous_1)
FN:23,ThemeProvider
FN:30,(anonymous_3)
FN:33,(anonymous_4)
FN:53,(anonymous_5)
FN:67,useTheme
FNF:6
FNH:5
FNDA:0,(anonymous_1)
FNDA:17,ThemeProvider
FNDA:13,(anonymous_3)
FNDA:17,(anonymous_4)
FNDA:4,(anonymous_5)
FNDA:12,useTheme
DA:1,5
DA:16,5
DA:18,0
DA:21,5
DA:23,5
DA:26,17
DA:27,17
DA:29,17
DA:30,13
DA:33,17
DA:34,17
DA:36,17
DA:38,17
DA:39,3
DA:44,3
DA:45,3
DA:48,14
DA:51,17
DA:54,4
DA:55,4
DA:59,17
DA:67,5
DA:68,12
DA:70,12
DA:71,0
DA:73,12
LF:26
LH:24
BRDA:25,0,0,1
BRDA:26,1,0,14
BRDA:30,2,0,13
BRDA:30,2,1,10
BRDA:38,3,0,3
BRDA:39,4,0,1
BRDA:39,4,1,2
BRDA:70,5,0,0
BRF:8
BRH:7
end_of_record
TN:
SF:src\components\user-button.tsx
FN:18,getUsernameFromToken
FN:29,isTokenValid
FN:45,UserButton
FN:46,(anonymous_3)
FN:51,(anonymous_4)
FN:60,(anonymous_5)
FN:74,(anonymous_6)
FN:90,(anonymous_7)
FN:93,(anonymous_8)
FN:97,(anonymous_9)
FN:104,(anonymous_10)
FN:134,(anonymous_11)
FN:151,(anonymous_12)
FN:161,(anonymous_13)
FNF:14
FNH:8
FNDA:5,getUsernameFromToken
FNDA:31,isTokenValid
FNDA:18,UserButton
FNDA:14,(anonymous_3)
FNDA:14,(anonymous_4)
FNDA:14,(anonymous_5)
FNDA:2,(anonymous_6)
FNDA:14,(anonymous_7)
FNDA:0,(anonymous_8)
FNDA:0,(anonymous_9)
FNDA:0,(anonymous_10)
FNDA:0,(anonymous_11)
FNDA:0,(anonymous_12)
FNDA:0,(anonymous_13)
DA:1,5
DA:2,5
DA:3,5
DA:4,5
DA:5,5
DA:13,5
DA:14,5
DA:16,5
DA:19,5
DA:20,5
DA:21,5
DA:22,5
DA:23,5
DA:25,0
DA:30,31
DA:31,7
DA:32,7
DA:33,7
DA:34,7
DA:36,7
DA:38,7
DA:39,7
DA:41,0
DA:45,5
DA:46,18
DA:47,14
DA:48,14
DA:49,14
DA:51,18
DA:52,14
DA:53,14
DA:54,14
DA:55,2
DA:57,18
DA:58,18
DA:60,18
DA:61,14
DA:62,14
DA:63,2
DA:64,2
DA:65,2
DA:68,12
DA:69,12
DA:70,12
DA:71,12
DA:74,14
DA:75,2
DA:76,2
DA:77,2
DA:78,1
DA:79,1
DA:80,1
DA:82,1
DA:83,1
DA:84,1
DA:85,1
DA:89,14
DA:90,14
DA:93,18
DA:94,0
DA:97,18
DA:98,0
DA:99,0
DA:100,0
DA:101,0
DA:104,18
DA:105,0
DA:108,18
DA:135,0
DA:136,0
DA:152,0
DA:153,0
DA:162,0
DA:163,0
LF:74
LH:60
BRDA:19,0,0,0
BRDA:23,1,0,5
BRDA:23,1,1,0
BRDA:30,2,0,24
BRDA:33,3,0,0
BRDA:36,4,0,0
BRDA:36,5,0,7
BRDA:36,5,1,7
BRDA:38,6,0,0
BRDA:47,7,0,0
BRDA:52,8,0,0
BRDA:54,9,0,12
BRDA:62,10,0,2
BRDA:62,10,1,12
BRDA:62,11,0,14
BRDA:62,11,1,2
BRDA:75,12,0,2
BRDA:77,13,0,1
BRDA:77,13,1,1
BRDA:77,14,0,2
BRDA:77,14,1,1
BRDA:111,15,0,3
BRDA:111,15,1,15
BRDA:111,16,0,18
BRDA:111,16,1,3
BRDA:116,17,0,3
BRDA:116,17,1,0
BRDA:116,18,0,0
BRDA:116,18,1,3
BRDA:116,19,0,3
BRDA:116,19,1,3
BRDA:127,20,0,3
BRDA:127,20,1,15
BRDA:131,21,0,18
BRDA:131,21,1,3
BRDA:149,22,0,3
BRDA:149,22,1,15
BRF:37
BRH:28
end_of_record
TN:
SF:src\components\video-card.tsx
FN:15,VideoCard
FN:29,(anonymous_1)
FN:31,(anonymous_2)
FN:36,(anonymous_3)
FN:40,(anonymous_4)
FN:72,(anonymous_5)
FN:84,(anonymous_6)
FNF:7
FNH:2
FNDA:21,VideoCard
FNDA:0,(anonymous_1)
FNDA:0,(anonymous_2)
FNDA:0,(anonymous_3)
FNDA:0,(anonymous_4)
FNDA:1,(anonymous_5)
FNDA:0,(anonymous_6)
DA:3,3
DA:4,3
DA:5,3
DA:6,3
DA:7,3
DA:13,3
DA:15,3
DA:16,21
DA:19,21
DA:20,21
DA:21,21
DA:22,21
DA:23,21
DA:24,21
DA:25,21
DA:30,0
DA:31,0
DA:32,0
DA:33,0
DA:34,0
DA:35,0
DA:36,0
DA:41,0
DA:42,0
DA:43,0
DA:45,0
DA:46,0
DA:47,0
DA:48,0
DA:49,0
DA:72,1
DA:84,0
LF:32
LH:16
BRDA:20,0,0,21
BRDA:20,0,1,3
BRDA:20,1,0,3
BRDA:20,1,1,18
BRDA:20,2,0,21
BRDA:20,2,1,18
BRDA:30,3,0,0
BRDA:34,4,0,0
BRDA:41,5,0,0
BRDA:47,6,0,0
BRDA:57,7,0,0
BRDA:57,7,1,21
BRDA:74,8,0,21
BRDA:74,8,1,0
BRDA:74,9,0,0
BRDA:74,9,1,21
BRDA:74,10,0,21
BRDA:74,10,1,21
BRF:18
BRH:11
end_of_record
TN:
SF:src\components\layout\layout.tsx
FN:13,Layout
FN:15,(anonymous_1)
FN:16,(anonymous_2)
FN:29,(anonymous_3)
FNF:4
FNH:4
FNDA:16,Layout
FNDA:15,(anonymous_1)
FNDA:2,(anonymous_2)
FNDA:15,(anonymous_3)
DA:2,5
DA:3,5
DA:5,5
DA:6,5
DA:7,5
DA:13,5
DA:14,16
DA:15,16
DA:16,15
DA:17,2
DA:18,2
DA:19,2
DA:21,2
DA:22,1
DA:24,1
DA:28,15
DA:29,15
DA:32,16
LF:18
LH:18
BRDA:21,0,0,1
BRDA:21,0,1,1
BRDA:37,1,0,0
BRDA:37,1,1,16
BRF:4
BRH:3
end_of_record
TN:
SF:src\components\pages\auth.tsx
FN:17,AuthPage
FN:33,(anonymous_9)
FN:33,(anonymous_10)
FN:102,(anonymous_11)
FN:113,(anonymous_12)
FN:130,(anonymous_13)
FN:142,(anonymous_14)
FN:155,(anonymous_15)
FNF:8
FNH:8
FNDA:78,AuthPage
FNDA:13,(anonymous_9)
FNDA:13,(anonymous_10)
FNDA:1,(anonymous_11)
FNDA:7,(anonymous_12)
FNDA:13,(anonymous_13)
FNDA:13,(anonymous_14)
FNDA:4,(anonymous_15)
DA:1,1
DA:2,1
DA:3,1
DA:5,1
DA:6,1
DA:7,1
DA:8,1
DA:9,1
DA:17,1
DA:18,78
DA:19,78
DA:20,78
DA:21,78
DA:22,78
DA:23,78
DA:25,78
DA:26,78
DA:28,78
DA:30,78
DA:31,78
DA:33,78
DA:34,13
DA:35,13
DA:37,13
DA:38,1
DA:39,1
DA:42,12
DA:43,2
DA:44,2
DA:47,10
DA:48,10
DA:49,10
DA:50,10
DA:55,6
DA:56,6
DA:57,6
DA:58,6
DA:61,6
DA:62,6
DA:64,4
DA:65,3
DA:66,1
DA:67,2
DA:68,1
DA:70,1
DA:73,1
DA:76,10
DA:80,78
DA:102,1
DA:113,7
DA:130,13
DA:142,13
DA:155,4
LF:53
LH:53
BRDA:28,0,0,53
BRDA:28,0,1,25
BRDA:37,1,0,1
BRDA:37,2,0,13
BRDA:37,2,1,4
BRDA:42,3,0,2
BRDA:42,4,0,12
BRDA:42,4,1,10
BRDA:49,5,0,7
BRDA:49,5,1,3
BRDA:56,6,0,6
BRDA:61,7,0,4
BRDA:61,7,1,2
BRDA:61,8,0,6
BRDA:61,8,1,6
BRDA:61,9,0,2
BRDA:61,9,1,4
BRDA:61,10,0,6
BRDA:61,10,1,4
BRDA:64,11,0,3
BRDA:64,11,1,1
BRDA:65,12,0,1
BRDA:65,12,1,2
BRDA:65,13,0,0
BRDA:65,13,1,3
BRDA:65,14,0,3
BRDA:65,14,1,3
BRDA:67,15,0,1
BRDA:67,15,1,1
BRDA:67,16,0,0
BRDA:67,16,1,2
BRDA:67,17,0,2
BRDA:67,17,1,2
BRDA:88,18,0,53
BRDA:88,18,1,25
BRDA:97,19,0,53
BRDA:97,19,1,25
BRDA:104,20,0,53
BRDA:104,20,1,25
BRDA:115,21,0,25
BRDA:115,21,1,53
BRDA:145,22,0,53
BRDA:145,22,1,25
BRDA:149,23,0,78
BRDA:149,23,1,25
BRDA:163,24,0,78
BRDA:163,24,1,7
BRDA:171,25,0,53
BRDA:171,25,1,25
BRDA:176,26,0,10
BRDA:176,26,1,68
BRDA:177,27,0,7
BRDA:177,27,1,3
BRDA:180,28,0,46
BRDA:180,28,1,22
BRF:55
BRH:53
end_of_record
TN:
SF:src\components\pages\channel-page.tsx
FN:10,ChannelPage
FN:79,(anonymous_1)
FN:80,(anonymous_2)
FNF:3
FNH:3
FNDA:6,ChannelPage
FNDA:3,(anonymous_1)
FNDA:1,(anonymous_2)
DA:1,1
DA:2,1
DA:3,1
DA:4,1
DA:5,1
DA:8,1
DA:10,1
DA:11,6
DA:12,6
DA:14,6
DA:16,6
DA:17,1
DA:27,5
DA:28,1
DA:38,4
DA:39,1
DA:49,3
DA:80,3
DA:82,3
LF:19
LH:19
BRDA:12,0,0,6
BRDA:12,0,1,0
BRDA:14,1,0,3
BRDA:14,1,1,3
BRDA:16,2,0,1
BRDA:27,3,0,1
BRDA:38,4,0,1
BRDA:55,5,0,3
BRDA:55,5,1,0
BRDA:63,6,0,1
BRDA:63,6,1,2
BRDA:71,7,0,1
BRDA:71,7,1,2
BRDA:80,8,0,1
BRDA:80,8,1,2
BRDA:80,9,0,3
BRDA:80,9,1,3
BRF:17
BRH:15
end_of_record
TN:
SF:src\components\pages\home.tsx
FN:8,Home
FN:38,(anonymous_1)
FN:39,(anonymous_2)
FNF:3
FNH:3
FNDA:5,Home
FNDA:4,(anonymous_1)
FNDA:6,(anonymous_2)
DA:2,1
DA:3,1
DA:4,1
DA:6,1
DA:8,1
DA:9,5
DA:11,5
DA:13,5
DA:14,1
DA:24,4
DA:25,1
DA:35,3
DA:39,6
DA:41,4
LF:14
LH:14
BRDA:13,0,0,1
BRDA:24,1,0,1
BRDA:39,2,0,4
BRDA:39,2,1,0
BRDA:39,3,0,4
BRDA:39,3,1,4
BRF:6
BRH:5
end_of_record
TN:
SF:src\components\pages\search-page.tsx
FN:9,SearchPage
FN:62,(anonymous_1)
FN:63,(anonymous_2)
FNF:3
FNH:3
FNDA:12,SearchPage
FNDA:9,(anonymous_1)
FNDA:12,(anonymous_2)
DA:2,1
DA:3,1
DA:4,1
DA:6,1
DA:7,1
DA:9,1
DA:10,12
DA:11,12
DA:13,12
DA:15,12
DA:17,12
DA:18,4
DA:27,8
DA:28,1
DA:38,7
DA:39,1
DA:49,6
DA:50,1
DA:59,5
DA:63,12
DA:65,9
LF:21
LH:21
BRDA:11,0,0,10
BRDA:11,0,1,2
BRDA:11,1,0,12
BRDA:11,1,1,10
BRDA:15,2,0,8
BRDA:15,2,1,4
BRDA:17,3,0,4
BRDA:27,4,0,1
BRDA:38,5,0,1
BRDA:49,6,0,1
BRDA:49,7,0,6
BRDA:49,7,1,6
BRDA:63,8,0,8
BRDA:63,8,1,1
BRDA:63,9,0,9
BRDA:63,9,1,9
BRF:16
BRH:16
end_of_record
TN:
SF:src\components\pages\upload.tsx
FN:8,UploadPage
FN:18,(anonymous_8)
FN:27,(anonymous_9)
FN:27,(anonymous_10)
FN:94,(anonymous_11)
FN:104,(anonymous_12)
FN:122,(anonymous_13)
FNF:7
FNH:0
FNDA:0,UploadPage
FNDA:0,(anonymous_8)
FNDA:0,(anonymous_9)
FNDA:0,(anonymous_10)
FNDA:0,(anonymous_11)
FNDA:0,(anonymous_12)
FNDA:0,(anonymous_13)
DA:1,1
DA:2,1
DA:3,1
DA:4,1
DA:5,1
DA:6,1
DA:8,1
DA:9,0
DA:10,0
DA:11,0
DA:12,0
DA:13,0
DA:14,0
DA:16,0
DA:18,0
DA:19,0
DA:20,0
DA:21,0
DA:22,0
DA:23,0
DA:27,0
DA:28,0
DA:29,0
DA:31,0
DA:32,0
DA:33,0
DA:36,0
DA:37,0
DA:38,0
DA:41,0
DA:42,0
DA:48,0
DA:49,0
DA:51,0
DA:54,0
DA:58,0
DA:60,0
DA:94,0
DA:104,0
DA:122,0
LF:40
LH:7
BRDA:19,0,0,0
BRDA:19,0,1,0
BRDA:19,1,0,0
BRDA:19,1,1,0
BRDA:19,2,0,0
BRDA:19,2,1,0
BRDA:19,3,0,0
BRDA:19,3,1,0
BRDA:21,4,0,0
BRDA:21,5,0,0
BRDA:21,5,1,0
BRDA:31,6,0,0
BRDA:36,7,0,0
BRDA:48,8,0,0
BRDA:48,8,1,0
BRDA:48,9,0,0
BRDA:48,9,1,0
BRDA:48,10,0,0
BRDA:48,10,1,0
BRDA:77,11,0,0
BRDA:77,11,1,0
BRDA:112,12,0,0
BRDA:112,12,1,0
BRDA:127,13,0,0
BRDA:127,13,1,0
BRDA:128,14,0,0
BRDA:128,14,1,0
BRF:27
BRH:0
end_of_record
TN:
SF:src\components\pages\video-page.tsx
FN:15,VideoPage
FN:20,(anonymous_1)
FN:31,(anonymous_2)
FNF:3
FNH:3
FNDA:4,VideoPage
FNDA:3,(anonymous_1)
FNDA:3,(anonymous_2)
DA:1,1
DA:2,1
DA:3,1
DA:4,1
DA:5,1
DA:6,1
DA:7,1
DA:8,1
DA:9,1
DA:10,1
DA:11,1
DA:12,1
DA:13,1
DA:15,1
DA:16,4
DA:18,4
DA:20,3
DA:23,4
DA:25,4
DA:27,4
DA:29,4
DA:31,4
DA:32,3
DA:35,4
LF:24
LH:24
BRDA:23,0,0,1
BRDA:23,0,1,3
BRDA:23,1,0,4
BRDA:23,1,1,4
BRDA:25,2,0,3
BRDA:25,2,1,1
BRDA:25,3,0,4
BRDA:25,3,1,4
BRDA:29,4,0,1
BRDA:29,4,1,3
BRDA:40,5,0,4
BRDA:40,5,1,1
BRDA:42,6,0,0
BRDA:42,6,1,1
BRDA:42,7,0,1
BRDA:42,7,1,1
BRDA:45,8,0,4
BRDA:45,8,1,0
BRDA:45,9,0,4
BRDA:45,9,1,0
BRDA:46,10,0,4
BRDA:46,10,1,1
BRDA:49,11,0,3
BRDA:49,11,1,1
BRDA:49,12,0,4
BRDA:49,12,1,4
BRDA:50,13,0,3
BRDA:50,13,1,1
BRDA:50,14,0,4
BRDA:50,14,1,4
BRDA:55,15,0,0
BRDA:55,15,1,4
BRF:32
BRH:28
end_of_record
TN:
SF:src\components\ui\button.tsx
FN:39,Button
FNF:1
FNH:1
FNDA:190,Button
DA:1,10
DA:2,10
DA:3,10
DA:5,10
DA:7,10
DA:43,190
DA:44,190
DA:49,190
DA:51,190
DA:60,10
LF:10
LH:10
BRDA:43,0,0,189
BRDA:49,1,0,1
BRDA:49,1,1,189
BRF:3
BRH:3
end_of_record
TN:
SF:src\components\ui\dropdown-menu.tsx
FN:7,DropdownMenu
FN:13,DropdownMenuPortal
FN:21,DropdownMenuTrigger
FN:32,DropdownMenuContent
FN:52,DropdownMenuGroup
FN:60,DropdownMenuItem
FN:83,DropdownMenuCheckboxItem
FN:109,DropdownMenuRadioGroup
FN:120,DropdownMenuRadioItem
FN:144,DropdownMenuLabel
FN:164,DropdownMenuSeparator
FN:177,DropdownMenuShortcut
FN:193,DropdownMenuSub
FN:199,DropdownMenuSubTrigger
FN:223,DropdownMenuSubContent
FNF:15
FNH:15
FNDA:49,DropdownMenu
FNDA:1,DropdownMenuPortal
FNDA:20,DropdownMenuTrigger
FNDA:50,DropdownMenuContent
FNDA:1,DropdownMenuGroup
FNDA:12,DropdownMenuItem
FNDA:4,DropdownMenuCheckboxItem
FNDA:4,DropdownMenuRadioGroup
FNDA:6,DropdownMenuRadioItem
FNDA:3,DropdownMenuLabel
FNDA:2,DropdownMenuSeparator
FNDA:2,DropdownMenuShortcut
FNDA:6,DropdownMenuSub
FNDA:6,DropdownMenuSubTrigger
FNDA:6,DropdownMenuSubContent
DA:1,6
DA:2,6
DA:3,6
DA:5,6
DA:8,49
DA:10,49
DA:14,1
DA:16,1
DA:22,20
DA:24,20
DA:34,50
DA:35,50
DA:37,50
DA:53,1
DA:55,1
DA:63,12
DA:64,12
DA:69,12
DA:86,4
DA:87,4
DA:89,4
DA:110,4
DA:112,4
DA:122,6
DA:123,6
DA:125,6
DA:146,3
DA:147,3
DA:151,3
DA:165,2
DA:166,2
DA:168,2
DA:178,2
DA:179,2
DA:181,2
DA:194,6
DA:196,6
DA:202,6
DA:203,6
DA:207,6
DA:224,6
DA:225,6
DA:227,6
DA:240,6
DA:241,6
DA:242,6
DA:243,6
DA:244,6
DA:245,6
DA:246,6
DA:247,6
DA:248,6
DA:249,6
DA:250,6
DA:251,6
DA:252,6
DA:253,6
DA:254,6
LF:58
LH:58
BRDA:34,0,0,49
BRDA:63,1,0,11
BRF:2
BRH:2
end_of_record
TN:
SF:src\components\video\channel-actions.tsx
FN:8,ChannelActions
FNF:1
FNH:1
FNDA:9,ChannelActions
DA:1,2
DA:2,2
DA:8,2
DA:9,9
DA:10,9
DA:12,9
LF:6
LH:6
BRDA:10,0,0,9
BRDA:10,0,1,1
BRDA:10,1,0,1
BRDA:10,1,1,8
BRDA:10,2,0,9
BRDA:10,2,1,8
BRDA:17,3,0,9
BRDA:17,3,1,0
BRDA:17,4,0,0
BRDA:17,4,1,9
BRDA:17,5,0,9
BRDA:17,5,1,9
BRF:12
BRH:10
end_of_record
TN:
SF:src\components\video\comments-section.tsx
FN:14,getUsernameFromToken
FN:25,CommentsSection
FN:30,(anonymous_9)
FN:33,(anonymous_10)
FN:40,(anonymous_11)
FN:45,(anonymous_12)
FN:53,(anonymous_13)
FN:56,(anonymous_14)
FN:56,(anonymous_15)
FN:80,(anonymous_16)
FN:88,(anonymous_17)
FN:109,(anonymous_18)
FN:126,(anonymous_19)
FNF:13
FNH:13
FNDA:41,getUsernameFromToken
FNDA:36,CommentsSection
FNDA:20,(anonymous_9)
FNDA:20,(anonymous_10)
FNDA:20,(anonymous_11)
FNDA:1,(anonymous_12)
FNDA:20,(anonymous_13)
FNDA:3,(anonymous_14)
FNDA:3,(anonymous_15)
FNDA:6,(anonymous_16)
FNDA:1,(anonymous_17)
FNDA:1,(anonymous_18)
FNDA:54,(anonymous_19)
DA:1,2
DA:2,2
DA:4,2
DA:5,2
DA:12,2
DA:15,41
DA:16,15
DA:17,15
DA:18,15
DA:19,15
DA:21,0
DA:25,2
DA:26,36
DA:27,36
DA:29,36
DA:30,36
DA:31,20
DA:33,36
DA:34,20
DA:35,20
DA:38,36
DA:40,36
DA:41,20
DA:42,20
DA:43,20
DA:45,20
DA:46,1
DA:47,1
DA:48,1
DA:52,20
DA:53,20
DA:56,36
DA:57,3
DA:58,2
DA:62,2
DA:65,36
DA:80,6
DA:88,1
DA:109,1
DA:127,54
DA:132,54
LF:41
LH:40
BRDA:15,0,0,26
BRDA:19,1,0,15
BRDA:19,1,1,0
BRDA:31,2,0,20
BRDA:31,2,1,20
BRDA:34,3,0,0
BRDA:46,4,0,1
BRDA:57,5,0,1
BRDA:57,6,0,3
BRDA:57,6,1,2
BRDA:57,6,2,2
BRDA:72,7,0,21
BRDA:72,7,1,15
BRDA:75,8,0,21
BRDA:75,8,1,0
BRDA:75,9,0,0
BRDA:75,9,1,21
BRDA:75,10,0,21
BRDA:75,10,1,21
BRDA:75,11,0,0
BRDA:75,11,1,21
BRDA:75,12,0,21
BRDA:75,12,1,21
BRDA:89,13,0,21
BRDA:89,13,1,21
BRDA:96,14,0,21
BRDA:96,14,1,21
BRDA:98,15,0,0
BRDA:98,15,1,21
BRDA:109,16,0,1
BRDA:109,16,1,0
BRDA:109,17,0,1
BRDA:109,17,1,1
BRDA:117,18,0,36
BRDA:117,18,1,4
BRDA:120,19,0,36
BRDA:120,19,1,3
BRDA:123,20,0,36
BRDA:123,20,1,29
BRDA:123,20,2,2
BRDA:127,21,0,32
BRDA:127,21,1,22
BRDA:127,22,0,54
BRDA:127,22,1,32
BRDA:129,23,0,22
BRDA:129,23,1,0
BRDA:135,24,0,54
BRDA:135,24,1,0
BRDA:135,25,0,0
BRDA:135,25,1,54
BRDA:135,26,0,54
BRDA:135,26,1,54
BRF:52
BRH:42
end_of_record
TN:
SF:src\components\video\recommended-list.tsx
FN:14,formatDuration
FN:20,RecommendedList
FN:21,(anonymous_2)
FN:24,(anonymous_3)
FN:28,(anonymous_4)
FNF:5
FNH:5
FNDA:26,formatDuration
FNDA:13,RecommendedList
FNDA:31,(anonymous_2)
FNDA:26,(anonymous_3)
FNDA:57,(anonymous_4)
DA:1,2
DA:2,2
DA:3,2
DA:5,2
DA:15,26
DA:16,26
DA:17,26
DA:20,2
DA:21,31
DA:22,13
DA:24,26
DA:28,57
LF:12
LH:12
BRDA:20,0,0,8
BRDA:28,1,0,21
BRDA:28,1,1,5
BRDA:28,2,0,26
BRDA:28,2,1,26
BRDA:28,3,0,5
BRDA:28,3,1,21
BRDA:28,4,0,26
BRDA:28,4,1,26
BRF:9
BRH:9
end_of_record
TN:
SF:src\components\video\video-description.tsx
FN:5,VideoDescription
FNF:1
FNH:1
FNDA:6,VideoDescription
DA:5,2
DA:6,6
DA:7,2
LF:3
LH:3
BRDA:6,0,0,4
BRF:1
BRH:1
end_of_record
TN:
SF:src\components\video\video-player.tsx
FN:14,VideoPlayer
FN:17,(anonymous_1)
FN:22,(anonymous_2)
FN:29,(anonymous_3)
FN:33,(anonymous_4)
FN:39,(anonymous_5)
FN:44,(anonymous_6)
FN:68,(anonymous_7)
FN:69,(anonymous_8)
FN:70,(anonymous_9)
FN:71,(anonymous_10)
FNF:11
FNH:10
FNDA:51,VideoPlayer
FNDA:51,(anonymous_1)
FNDA:51,(anonymous_2)
FNDA:24,(anonymous_3)
FNDA:35,(anonymous_4)
FNDA:0,(anonymous_5)
FNDA:23,(anonymous_6)
FNDA:10,(anonymous_7)
FNDA:1,(anonymous_8)
FNDA:1,(anonymous_9)
FNDA:20,(anonymous_10)
DA:1,2
DA:2,2
DA:11,2
DA:12,2
DA:14,2
DA:15,51
DA:16,51
DA:17,51
DA:18,51
DA:19,51
DA:20,51
DA:22,51
DA:23,51
DA:24,51
DA:25,51
DA:26,51
DA:27,51
DA:28,51
DA:29,51
DA:30,24
DA:33,51
DA:34,35
DA:35,12
DA:36,12
DA:37,12
DA:38,12
DA:39,12
DA:44,51
DA:45,23
DA:46,18
DA:47,18
DA:50,51
DA:68,10
DA:69,1
DA:70,1
DA:72,20
DA:73,20
DA:74,20
DA:75,20
DA:78,20
DA:79,1
DA:80,1
DA:81,1
DA:85,20
DA:86,18
DA:87,18
DA:88,18
DA:90,20
DA:91,20
DA:92,20
LF:50
LH:50
BRDA:19,0,0,28
BRDA:19,0,1,23
BRDA:20,1,0,27
BRDA:20,1,1,24
BRDA:34,2,0,23
BRDA:34,3,0,35
BRDA:34,3,1,12
BRDA:38,4,0,12
BRDA:45,5,0,5
BRDA:52,6,0,46
BRDA:52,6,1,5
BRDA:52,7,0,51
BRDA:52,7,1,47
BRDA:60,8,0,26
BRDA:60,8,1,20
BRDA:60,9,0,46
BRDA:60,9,1,26
BRDA:66,10,0,26
BRDA:66,10,1,20
BRDA:72,11,0,0
BRDA:78,12,0,1
BRDA:78,13,0,20
BRDA:78,13,1,18
BRDA:80,14,0,1
BRDA:85,15,0,18
BRF:25
BRH:24
end_of_record
TN:
SF:src\hooks\comment-hooks.ts
FN:13,useVideoComments
FN:18,(anonymous_8)
FN:18,(anonymous_9)
FN:40,useCreateComment
FN:45,(anonymous_11)
FN:45,(anonymous_12)
FN:54,(anonymous_13)
FNF:7
FNH:7
FNDA:11,useVideoComments
FNDA:5,(anonymous_8)
FNDA:5,(anonymous_9)
FNDA:10,useCreateComment
FNDA:2,(anonymous_11)
FNDA:2,(anonymous_12)
FNDA:1,(anonymous_13)
DA:1,2
DA:3,2
DA:13,2
DA:14,11
DA:15,11
DA:18,5
DA:19,5
DA:20,5
DA:21,4
DA:25,11
DA:35,11
DA:37,11
DA:40,2
DA:41,10
DA:42,10
DA:44,10
DA:45,2
DA:46,2
DA:51,2
DA:52,1
DA:55,1
DA:56,1
LF:22
LH:22
BRDA:25,0,0,2
BRDA:25,0,1,9
BRDA:27,1,0,5
BRDA:27,1,1,4
BRDA:29,2,0,3
BRDA:29,2,1,1
BRDA:31,3,0,1
BRDA:31,3,1,0
BRDA:35,4,0,3
BRDA:35,4,1,8
BRDA:37,5,0,1
BRDA:37,5,1,10
BRDA:37,6,0,11
BRDA:37,6,1,11
BRDA:42,7,0,9
BRDA:42,7,1,1
BRDA:55,8,0,1
BRDA:55,9,0,1
BRDA:55,9,1,1
BRF:19
BRH:18
end_of_record
TN:
SF:src\hooks\use-document-title.ts
FN:3,useDocumentTitle
FN:6,(anonymous_1)
FN:11,(anonymous_2)
FNF:3
FNH:3
FNDA:5,useDocumentTitle
FNDA:5,(anonymous_1)
FNDA:4,(anonymous_2)
DA:1,7
DA:3,7
DA:4,5
DA:6,5
DA:7,5
DA:8,4
DA:9,4
DA:11,4
DA:12,4
LF:9
LH:9
BRDA:4,0,0,5
BRDA:4,0,1,0
BRDA:7,1,0,1
BRF:3
BRH:2
end_of_record
TN:
SF:src\hooks\video-hooks.ts
FN:18,useAllVideos
FN:21,(anonymous_8)
FN:21,(anonymous_9)
FN:49,useChannelData
FN:52,(anonymous_11)
FN:52,(anonymous_12)
FN:59,(anonymous_13)
FN:60,(anonymous_14)
FN:61,(anonymous_15)
FN:86,useSearchVideos
FN:91,(anonymous_17)
FN:91,(anonymous_18)
FN:97,(anonymous_19)
FN:98,(anonymous_20)
FN:125,useUploadVideo
FN:128,(anonymous_22)
FN:129,(anonymous_23)
FN:135,useUserInfo
FN:138,(anonymous_25)
FN:138,(anonymous_26)
FNF:20
FNH:14
FNDA:4,useAllVideos
FNDA:2,(anonymous_8)
FNDA:2,(anonymous_9)
FNDA:5,useChannelData
FNDA:2,(anonymous_11)
FNDA:2,(anonymous_12)
FNDA:2,(anonymous_13)
FNDA:1,(anonymous_14)
FNDA:2,(anonymous_15)
FNDA:6,useSearchVideos
FNDA:2,(anonymous_17)
FNDA:2,(anonymous_18)
FNDA:1,(anonymous_19)
FNDA:1,(anonymous_20)
FNDA:0,useUploadVideo
FNDA:0,(anonymous_22)
FNDA:0,(anonymous_23)
FNDA:0,useUserInfo
FNDA:0,(anonymous_25)
FNDA:0,(anonymous_26)
DA:1,3
DA:2,3
DA:18,3
DA:19,4
DA:21,2
DA:22,2
DA:26,1
DA:30,4
DA:38,4
DA:40,4
DA:49,3
DA:50,5
DA:52,2
DA:53,2
DA:59,2
DA:60,1
DA:61,2
DA:62,1
DA:67,5
DA:75,5
DA:77,5
DA:86,3
DA:87,6
DA:89,6
DA:91,2
DA:92,2
DA:96,1
DA:97,1
DA:98,1
DA:99,1
DA:104,6
DA:114,6
DA:122,6
DA:125,3
DA:126,0
DA:127,0
DA:128,0
DA:130,0
DA:135,3
DA:136,0
DA:138,0
DA:139,0
DA:140,0
DA:145,0
LF:44
LH:35
BRDA:30,0,0,2
BRDA:30,0,1,2
BRDA:32,1,0,1
BRDA:32,1,1,1
BRDA:34,2,0,1
BRDA:34,2,1,0
BRDA:38,3,0,1
BRDA:38,3,1,3
BRDA:38,4,0,2
BRDA:38,4,1,1
BRDA:40,5,0,1
BRDA:40,5,1,3
BRDA:40,6,0,4
BRDA:40,6,1,4
BRDA:40,7,0,3
BRDA:40,7,1,1
BRDA:40,8,0,4
BRDA:40,8,1,4
BRDA:40,9,0,1
BRDA:40,9,1,3
BRDA:40,10,0,4
BRDA:40,10,1,4
BRDA:40,11,0,3
BRDA:40,11,1,1
BRDA:40,12,0,4
BRDA:40,12,1,4
BRDA:67,13,0,2
BRDA:67,13,1,3
BRDA:69,14,0,1
BRDA:69,14,1,2
BRDA:71,15,0,1
BRDA:71,15,1,1
BRDA:75,16,0,1
BRDA:75,16,1,4
BRDA:75,17,0,2
BRDA:75,17,1,2
BRDA:78,18,0,1
BRDA:78,18,1,4
BRDA:78,19,0,5
BRDA:78,19,1,5
BRDA:78,20,0,4
BRDA:78,20,1,1
BRDA:78,21,0,5
BRDA:78,21,1,5
BRDA:79,22,0,1
BRDA:79,22,1,4
BRDA:79,23,0,5
BRDA:79,23,1,5
BRDA:79,24,0,4
BRDA:79,24,1,1
BRDA:79,25,0,5
BRDA:79,25,1,5
BRDA:80,26,0,1
BRDA:80,26,1,4
BRDA:80,27,0,5
BRDA:80,27,1,5
BRDA:80,28,0,4
BRDA:80,28,1,1
BRDA:80,29,0,5
BRDA:80,29,1,5
BRDA:104,30,0,2
BRDA:104,30,1,4
BRDA:106,31,0,2
BRDA:106,31,1,2
BRDA:108,32,0,1
BRDA:108,32,1,1
BRDA:110,33,0,1
BRDA:110,33,1,0
BRDA:114,34,0,2
BRDA:114,34,1,4
BRDA:116,35,0,1
BRDA:116,35,1,3
BRDA:118,36,0,2
BRDA:118,36,1,1
BRDA:122,37,0,1
BRDA:122,37,1,5
BRDA:122,38,0,6
BRDA:122,38,1,6
BRDA:122,39,0,5
BRDA:122,39,1,1
BRDA:122,40,0,6
BRDA:122,40,1,6
BRDA:122,41,0,1
BRDA:122,41,1,5
BRDA:122,42,0,6
BRDA:122,42,1,6
BRDA:122,43,0,5
BRDA:122,43,1,1
BRDA:122,44,0,6
BRDA:122,44,1,6
BRDA:146,45,0,0
BRDA:146,45,1,0
BRDA:146,46,0,0
BRDA:146,46,1,0
BRF:94
BRH:88
end_of_record
TN:
SF:src\lib\utils.ts
FN:4,cn
FNF:1
FNH:1
FNDA:343,cn
DA:1,13
DA:2,13
DA:4,13
DA:5,343
LF:4
LH:4
BRF:0
BRH:0
end_of_record
TN:
SF:src\utils\api.ts
FN:12,(anonymous_8)
FN:19,(anonymous_9)
FN:30,(anonymous_10)
FN:31,(anonymous_11)
FN:42,(anonymous_12)
FN:42,(anonymous_13)
FN:47,(anonymous_14)
FN:47,(anonymous_15)
FN:58,(anonymous_16)
FN:58,(anonymous_17)
FN:63,(anonymous_18)
FN:67,(anonymous_19)
FN:77,(anonymous_20)
FN:77,(anonymous_21)
FNF:14
FNH:0
FNDA:0,(anonymous_8)
FNDA:0,(anonymous_9)
FNDA:0,(anonymous_10)
FNDA:0,(anonymous_11)
FNDA:0,(anonymous_12)
FNDA:0,(anonymous_13)
FNDA:0,(anonymous_14)
FNDA:0,(anonymous_15)
FNDA:0,(anonymous_16)
FNDA:0,(anonymous_17)
FNDA:0,(anonymous_18)
FNDA:0,(anonymous_19)
FNDA:0,(anonymous_20)
FNDA:0,(anonymous_21)
DA:1,0
DA:2,0
DA:5,0
DA:6,0
DA:8,0
DA:12,0
DA:13,0
DA:14,0
DA:16,0
DA:19,0
DA:20,0
DA:21,0
DA:22,0
DA:23,0
DA:26,0
DA:29,0
DA:30,0
DA:32,0
DA:33,0
DA:34,0
DA:35,0
DA:38,0
DA:42,0
DA:43,0
DA:44,0
DA:47,0
DA:48,0
DA:49,0
DA:50,0
DA:58,0
DA:59,0
DA:60,0
DA:63,0
DA:64,0
DA:67,0
DA:68,0
DA:77,0
DA:78,0
DA:79,0
DA:80,0
DA:81,0
DA:82,0
DA:83,0
DA:84,0
DA:85,0
DA:88,0
DA:94,0
DA:95,0
DA:98,0
LF:49
LH:0
BRDA:13,0,0,0
BRDA:20,1,0,0
BRDA:22,2,0,0
BRDA:32,3,0,0
BRDA:33,4,0,0
BRDA:33,4,1,0
BRDA:33,5,0,0
BRDA:33,5,1,0
BRDA:34,6,0,0
BRDA:34,7,0,0
BRDA:34,7,1,0
BRDA:80,8,0,0
BRDA:81,9,0,0
BRDA:84,10,0,0
BRDA:94,11,0,0
BRF:15
BRH:0
end_of_record
TN:
SF:src\utils\meta.ts
FN:1,setDocumentTitle
FN:5,setMeta
FN:15,setMetaProperty
FNF:3
FNH:3
FNDA:1,setDocumentTitle
FNDA:3,setMeta
FNDA:3,setMetaProperty
DA:1,1
DA:2,1
DA:5,1
DA:6,3
DA:7,3
DA:8,2
DA:9,2
DA:10,2
DA:12,3
DA:15,1
DA:16,3
DA:17,3
DA:18,2
DA:19,2
DA:20,2
DA:22,3
LF:16
LH:16
BRDA:7,0,0,2
BRDA:17,1,0,2
BRF:2
BRH:2
end_of_record
